<?xml version="1.0" encoding="UTF-8"?>
<testsuite xmlns:xsi="http://www.w3.org/2001/XMLSchema-instance" xsi:noNamespaceSchemaLocation="https://maven.apache.org/surefire/maven-surefire-plugin/xsd/surefire-test-report-3.0.xsd" version="3.0" name="cdw.springtraining.gatekeeper.GatekeeperApplicationTests" time="2.529" tests="1" errors="0" skipped="0" failures="0">
  <properties>
[...]
</properties>
  <testcase name="contextLoads" classname="cdw.springtraining.gatekeeper.GatekeeperApplicationTests" time="0.004">
    <system-out><![CDATA[18:49:51.735 [main] INFO org.springframework.test.context.support.AnnotationConfigContextLoaderUtils -- Could not detect default configuration classes for test class [cdw.springtraining.gatekeeper.GatekeeperApplicationTests]: GatekeeperApplicationTests does not declare any static, non-private, non-final, nested classes annotated with @Configuration.
18:49:51.777 [main] INFO org.springframework.boot.test.context.SpringBootTestContextBootstrapper -- Found @SpringBootConfiguration cdw.springtraining.gatekeeper.GatekeeperApplication for test class cdw.springtraining.gatekeeper.GatekeeperApplicationTests

  .   ____          _            __ _ _
 /\\ / ___'_ __ _ _(_)_ __  __ _ \ \ \ \
( ( )\___ | '_ | '_| | '_ \/ _` | \ \ \ \
 \\/  ___)| |_)| | | | | || (_| |  ) ) ) )
  '  |____| .__|_| |_|_| |_\__, | / / / /
 =========|_|==============|___/=/_/_/_/
 :: Spring Boot ::                (v3.1.4)

2023-10-06T18:49:51.939+05:30  INFO 25617 --- [           main] c.s.g.GatekeeperApplicationTests         : Starting GatekeeperApplicationTests using Java 20.0.2 with PID 25617 (started by maamathikrishnan in /Users/maamathikrishnan/Documents/Domain Training/SpringFinal/gatekeeper)
2023-10-06T18:49:51.940+05:30  INFO 25617 --- [           main] c.s.g.GatekeeperApplicationTests         : No active profile set, falling back to 1 default profile: "default"
2023-10-06T18:49:52.230+05:30  INFO 25617 --- [           main] .s.d.r.c.RepositoryConfigurationDelegate : Bootstrapping Spring Data JPA repositories in DEFAULT mode.
2023-10-06T18:49:52.262+05:30  INFO 25617 --- [           main] .s.d.r.c.RepositoryConfigurationDelegate : Finished Spring Data repository scanning in 28 ms. Found 7 JPA repository interfaces.
2023-10-06T18:49:52.631+05:30  INFO 25617 --- [           main] o.hibernate.jpa.internal.util.LogHelper  : HHH000204: Processing PersistenceUnitInfo [name: default]
2023-10-06T18:49:52.656+05:30  INFO 25617 --- [           main] org.hibernate.Version                    : HHH000412: Hibernate ORM core version 6.2.9.Final
2023-10-06T18:49:52.657+05:30  INFO 25617 --- [           main] org.hibernate.cfg.Environment            : HHH000406: Using bytecode reflection optimizer
2023-10-06T18:49:52.707+05:30  INFO 25617 --- [           main] o.h.b.i.BytecodeProviderInitiator        : HHH000021: Bytecode provider name : bytebuddy
2023-10-06T18:49:52.712+05:30  INFO 25617 --- [           main] o.s.o.j.p.SpringPersistenceUnitInfo      : No LoadTimeWeaver setup: ignoring JPA class transformer
2023-10-06T18:49:52.723+05:30  INFO 25617 --- [           main] com.zaxxer.hikari.HikariDataSource       : HikariPool-1 - Starting...
2023-10-06T18:49:52.908+05:30  INFO 25617 --- [           main] com.zaxxer.hikari.pool.HikariPool        : HikariPool-1 - Added connection com.mysql.cj.jdbc.ConnectionImpl@2bc8caa7
2023-10-06T18:49:52.909+05:30  INFO 25617 --- [           main] com.zaxxer.hikari.HikariDataSource       : HikariPool-1 - Start completed.
2023-10-06T18:49:53.052+05:30  INFO 25617 --- [           main] o.h.b.i.BytecodeProviderInitiator        : HHH000021: Bytecode provider name : bytebuddy
2023-10-06T18:49:53.307+05:30  INFO 25617 --- [           main] o.h.e.t.j.p.i.JtaPlatformInitiator       : HHH000490: Using JtaPlatform implementation: [org.hibernate.engine.transaction.jta.platform.internal.NoJtaPlatform]
2023-10-06T18:49:53.376+05:30  INFO 25617 --- [           main] j.LocalContainerEntityManagerFactoryBean : Initialized JPA EntityManagerFactory for persistence unit 'default'
2023-10-06T18:49:53.757+05:30  WARN 25617 --- [           main] JpaBaseConfiguration$JpaWebConfiguration : spring.jpa.open-in-view is enabled by default. Therefore, database queries may be performed during view rendering. Explicitly configure spring.jpa.open-in-view to disable this warning
2023-10-06T18:49:53.821+05:30  INFO 25617 --- [           main] o.s.s.web.DefaultSecurityFilterChain     : Will secure any request with [org.springframework.security.web.session.DisableEncodeUrlFilter@4a59d584, org.springframework.security.web.context.request.async.WebAsyncManagerIntegrationFilter@60abe420, org.springframework.security.web.context.SecurityContextHolderFilter@2acfd27b, org.springframework.security.web.header.HeaderWriterFilter@55448710, org.springframework.security.web.authentication.logout.LogoutFilter@58f259bd, cdw.springtraining.gatekeeper.security.JwtAuthenticationFilter@4d62bb8b, org.springframework.security.web.savedrequest.RequestCacheAwareFilter@36b6802f, org.springframework.security.web.servletapi.SecurityContextHolderAwareRequestFilter@6f999cf4, org.springframework.security.web.authentication.AnonymousAuthenticationFilter@21e60eed, org.springframework.security.web.session.SessionManagementFilter@20ed6de, org.springframework.security.web.access.ExceptionTranslationFilter@4c541b00, org.springframework.security.web.access.intercept.AuthorizationFilter@2e5dea22]
2023-10-06T18:49:54.183+05:30  INFO 25617 --- [           main] c.s.g.GatekeeperApplicationTests         : Started GatekeeperApplicationTests in 2.352 seconds (process running for 3.349)
]]></system-out>
  </testcase>
</testsuite>