<?xml version="1.0" encoding="UTF-8"?>
<testsuite xmlns:xsi="http://www.w3.org/2001/XMLSchema-instance" xsi:noNamespaceSchemaLocation="https://maven.apache.org/surefire/maven-surefire-plugin/xsd/surefire-test-report-3.0.xsd" version="3.0" name="cdw.domaintraining.spring.security.practice.PracticeApplicationTests" time="1.738" tests="1" errors="0" skipped="0" failures="0">
  <properties>
[...]
</properties>
  <testcase name="contextLoads" classname="cdw.domaintraining.spring.security.practice.PracticeApplicationTests" time="0.339">
    <system-out><![CDATA[18:32:49.423 [main] INFO org.springframework.test.context.support.AnnotationConfigContextLoaderUtils -- Could not detect default configuration classes for test class [cdw.domaintraining.spring.security.practice.PracticeApplicationTests]: PracticeApplicationTests does not declare any static, non-private, non-final, nested classes annotated with @Configuration.
18:32:49.458 [main] INFO org.springframework.boot.test.context.SpringBootTestContextBootstrapper -- Found @SpringBootConfiguration cdw.domaintraining.spring.security.practice.PracticeApplication for test class cdw.domaintraining.spring.security.practice.PracticeApplicationTests

  .   ____          _            __ _ _
 /\\ / ___'_ __ _ _(_)_ __  __ _ \ \ \ \
( ( )\___ | '_ | '_| | '_ \/ _` | \ \ \ \
 \\/  ___)| |_)| | | | | || (_| |  ) ) ) )
  '  |____| .__|_| |_|_| |_\__, | / / / /
 =========|_|==============|___/=/_/_/_/
 :: Spring Boot ::                (v3.1.3)

2023-09-06T18:32:49.604+05:30  INFO 96508 --- [           main] c.d.s.s.p.PracticeApplicationTests       : Starting PracticeApplicationTests using Java 20.0.2 with PID 96508 (started by maamathikrishnan in /Users/maamathikrishnan/Documents/Domain Training/springsecurity)
2023-09-06T18:32:49.605+05:30 DEBUG 96508 --- [           main] c.d.s.s.p.PracticeApplicationTests       : Running with Spring Boot v3.1.3, Spring v6.0.11
2023-09-06T18:32:49.605+05:30  INFO 96508 --- [           main] c.d.s.s.p.PracticeApplicationTests       : No active profile set, falling back to 1 default profile: "default"
2023-09-06T18:32:49.605+05:30 DEBUG 96508 --- [           main] o.s.boot.SpringApplication               : Loading source class cdw.domaintraining.spring.security.practice.PracticeApplication
2023-09-06T18:32:49.616+05:30 DEBUG 96508 --- [           main] o.s.w.c.s.GenericWebApplicationContext   : Refreshing org.springframework.web.context.support.GenericWebApplicationContext@3b366632
2023-09-06T18:32:49.622+05:30 DEBUG 96508 --- [           main] o.s.b.f.s.DefaultListableBeanFactory     : Creating shared instance of singleton bean 'org.springframework.context.annotation.internalConfigurationAnnotationProcessor'
2023-09-06T18:32:49.626+05:30 DEBUG 96508 --- [           main] o.s.b.f.s.DefaultListableBeanFactory     : Creating shared instance of singleton bean 'org.springframework.boot.autoconfigure.internalCachingMetadataReaderFactory'
2023-09-06T18:32:49.636+05:30 DEBUG 96508 --- [           main] o.s.c.a.ClassPathBeanDefinitionScanner   : Identified candidate component class: file [/Users/maamathikrishnan/Documents/Domain Training/springsecurity/target/classes/cdw/domaintraining/spring/security/practice/DemoController.class]
2023-09-06T18:32:49.637+05:30 DEBUG 96508 --- [           main] o.s.c.a.ClassPathBeanDefinitionScanner   : Identified candidate component class: file [/Users/maamathikrishnan/Documents/Domain Training/springsecurity/target/classes/cdw/domaintraining/spring/security/practice/DemoSecurityConfig.class]
2023-09-06T18:32:49.810+05:30  INFO 96508 --- [           main] .s.d.r.c.RepositoryConfigurationDelegate : Bootstrapping Spring Data JPA repositories in DEFAULT mode.
2023-09-06T18:32:49.812+05:30 DEBUG 96508 --- [           main] o.s.b.f.s.DefaultListableBeanFactory     : Creating shared instance of singleton bean 'org.springframework.boot.autoconfigure.AutoConfigurationPackages'
2023-09-06T18:32:49.815+05:30 DEBUG 96508 --- [           main] o.s.b.a.AutoConfigurationPackages        : @EnableAutoConfiguration was declared on a class in the package 'cdw.domaintraining.spring.security.practice'. Automatic @Repository and @Entity scanning is enabled.
2023-09-06T18:32:49.815+05:30 DEBUG 96508 --- [           main] .s.d.r.c.RepositoryConfigurationDelegate : Scanning for JPA repositories in packages cdw.domaintraining.spring.security.practice.
2023-09-06T18:32:49.817+05:30  INFO 96508 --- [           main] .s.d.r.c.RepositoryConfigurationDelegate : Finished Spring Data repository scanning in 1 ms. Found 0 JPA repository interfaces.
2023-09-06T18:32:49.882+05:30 DEBUG 96508 --- [           main] o.s.b.f.s.DefaultListableBeanFactory     : Creating shared instance of singleton bean 'propertySourcesPlaceholderConfigurer'
2023-09-06T18:32:49.884+05:30 DEBUG 96508 --- [           main] o.s.b.f.s.DefaultListableBeanFactory     : Creating shared instance of singleton bean 'org.springframework.boot.test.mock.mockito.MockitoPostProcessor'
2023-09-06T18:32:49.885+05:30 DEBUG 96508 --- [           main] o.s.b.f.s.DefaultListableBeanFactory     : Creating shared instance of singleton bean 'emBeanDefinitionRegistrarPostProcessor'
2023-09-06T18:32:49.885+05:30 DEBUG 96508 --- [           main] o.s.b.f.s.DefaultListableBeanFactory     : Creating shared instance of singleton bean 'org.springframework.boot.sql.init.dependency.DatabaseInitializationDependencyConfigurer$DependsOnDatabaseInitializationPostProcessor'
2023-09-06T18:32:49.900+05:30 DEBUG 96508 --- [           main] o.s.b.f.s.DefaultListableBeanFactory     : Creating shared instance of singleton bean 'org.springframework.context.event.internalEventListenerProcessor'
2023-09-06T18:32:49.901+05:30 DEBUG 96508 --- [           main] o.s.b.f.s.DefaultListableBeanFactory     : Creating shared instance of singleton bean 'preserveErrorControllerTargetClassPostProcessor'
2023-09-06T18:32:49.901+05:30 DEBUG 96508 --- [           main] o.s.b.f.s.DefaultListableBeanFactory     : Creating shared instance of singleton bean 'conversionServicePostProcessor'
2023-09-06T18:32:49.909+05:30 DEBUG 96508 --- [           main] o.s.b.f.s.DefaultListableBeanFactory     : Creating shared instance of singleton bean 'org.springframework.context.event.internalEventListenerFactory'
2023-09-06T18:32:49.909+05:30 DEBUG 96508 --- [           main] o.s.b.f.s.DefaultListableBeanFactory     : Creating shared instance of singleton bean 'org.springframework.transaction.config.internalTransactionalEventListenerFactory'
2023-09-06T18:32:49.910+05:30 DEBUG 96508 --- [           main] o.s.b.f.s.DefaultListableBeanFactory     : Creating shared instance of singleton bean 'org.springframework.boot.test.mock.mockito.MockitoPostProcessor$SpyPostProcessor'
2023-09-06T18:32:49.911+05:30 DEBUG 96508 --- [           main] o.s.b.f.s.DefaultListableBeanFactory     : Creating shared instance of singleton bean 'org.springframework.context.annotation.internalAutowiredAnnotationProcessor'
2023-09-06T18:32:49.912+05:30 DEBUG 96508 --- [           main] o.s.b.f.s.DefaultListableBeanFactory     : Creating shared instance of singleton bean 'org.springframework.context.annotation.internalCommonAnnotationProcessor'
2023-09-06T18:32:49.914+05:30 DEBUG 96508 --- [           main] o.s.b.f.s.DefaultListableBeanFactory     : Creating shared instance of singleton bean 'org.springframework.context.annotation.internalPersistenceAnnotationProcessor'
2023-09-06T18:32:49.914+05:30 DEBUG 96508 --- [           main] o.s.b.f.s.DefaultListableBeanFactory     : Creating shared instance of singleton bean 'org.springframework.boot.context.properties.ConfigurationPropertiesBindingPostProcessor'
2023-09-06T18:32:49.914+05:30 DEBUG 96508 --- [           main] o.s.b.f.s.DefaultListableBeanFactory     : Creating shared instance of singleton bean 'org.springframework.boot.context.internalConfigurationPropertiesBinder'
2023-09-06T18:32:49.915+05:30 DEBUG 96508 --- [           main] o.s.b.f.s.DefaultListableBeanFactory     : Creating shared instance of singleton bean 'jdbcConnectionDetailsHikariBeanPostProcessor'
2023-09-06T18:32:49.916+05:30 DEBUG 96508 --- [           main] o.s.b.f.s.DefaultListableBeanFactory     : Creating shared instance of singleton bean 'org.springframework.aop.config.internalAutoProxyCreator'
2023-09-06T18:32:49.925+05:30 DEBUG 96508 --- [           main] o.s.b.f.s.DefaultListableBeanFactory     : Creating shared instance of singleton bean 'persistenceExceptionTranslationPostProcessor'
2023-09-06T18:32:49.926+05:30 DEBUG 96508 --- [           main] o.s.b.f.s.DefaultListableBeanFactory     : Autowiring by type from bean name 'persistenceExceptionTranslationPostProcessor' via factory method to bean named 'environment'
2023-09-06T18:32:49.927+05:30 DEBUG 96508 --- [           main] o.s.b.f.s.DefaultListableBeanFactory     : Creating shared instance of singleton bean 'webServerFactoryCustomizerBeanPostProcessor'
2023-09-06T18:32:49.928+05:30 DEBUG 96508 --- [           main] o.s.b.f.s.DefaultListableBeanFactory     : Creating shared instance of singleton bean 'errorPageRegistrarBeanPostProcessor'
2023-09-06T18:32:49.928+05:30 DEBUG 96508 --- [           main] o.s.b.f.s.DefaultListableBeanFactory     : Creating shared instance of singleton bean 'projectingArgumentResolverBeanPostProcessor'
2023-09-06T18:32:49.928+05:30 DEBUG 96508 --- [           main] o.s.b.f.s.DefaultListableBeanFactory     : Creating shared instance of singleton bean 'org.springframework.transaction.config.internalTransactionAdvisor'
2023-09-06T18:32:49.928+05:30 DEBUG 96508 --- [           main] o.s.b.f.s.DefaultListableBeanFactory     : Creating shared instance of singleton bean 'org.springframework.transaction.annotation.ProxyTransactionManagementConfiguration'
2023-09-06T18:32:49.932+05:30 DEBUG 96508 --- [           main] o.s.b.f.s.DefaultListableBeanFactory     : Creating shared instance of singleton bean 'transactionAttributeSource'
2023-09-06T18:32:49.933+05:30 DEBUG 96508 --- [           main] o.s.b.f.s.DefaultListableBeanFactory     : Creating shared instance of singleton bean 'transactionInterceptor'
2023-09-06T18:32:49.933+05:30 DEBUG 96508 --- [           main] o.s.b.f.s.DefaultListableBeanFactory     : Autowiring by type from bean name 'transactionInterceptor' via factory method to bean named 'transactionAttributeSource'
2023-09-06T18:32:49.935+05:30 DEBUG 96508 --- [           main] o.s.b.f.s.DefaultListableBeanFactory     : Autowiring by type from bean name 'org.springframework.transaction.config.internalTransactionAdvisor' via factory method to bean named 'transactionAttributeSource'
2023-09-06T18:32:49.935+05:30 DEBUG 96508 --- [           main] o.s.b.f.s.DefaultListableBeanFactory     : Autowiring by type from bean name 'org.springframework.transaction.config.internalTransactionAdvisor' via factory method to bean named 'transactionInterceptor'
2023-09-06T18:32:49.943+05:30 DEBUG 96508 --- [           main] o.s.u.c.s.UiApplicationContextUtils      : Unable to locate ThemeSource with name 'themeSource': using default [org.springframework.ui.context.support.ResourceBundleThemeSource@11e355ca]
2023-09-06T18:32:49.944+05:30 DEBUG 96508 --- [           main] o.s.b.f.s.DefaultListableBeanFactory     : Creating shared instance of singleton bean 'dataSourceScriptDatabaseInitializer'
2023-09-06T18:32:49.944+05:30 DEBUG 96508 --- [           main] o.s.b.f.s.DefaultListableBeanFactory     : Creating shared instance of singleton bean 'org.springframework.boot.autoconfigure.sql.init.DataSourceInitializationConfiguration'
2023-09-06T18:32:49.945+05:30 DEBUG 96508 --- [           main] o.s.b.f.s.DefaultListableBeanFactory     : Creating shared instance of singleton bean 'dataSource'
2023-09-06T18:32:49.945+05:30 DEBUG 96508 --- [           main] o.s.b.f.s.DefaultListableBeanFactory     : Creating shared instance of singleton bean 'org.springframework.boot.autoconfigure.jdbc.DataSourceConfiguration$Hikari'
2023-09-06T18:32:49.946+05:30 DEBUG 96508 --- [           main] o.s.b.f.s.DefaultListableBeanFactory     : Creating shared instance of singleton bean 'spring.datasource-org.springframework.boot.autoconfigure.jdbc.DataSourceProperties'
2023-09-06T18:32:49.946+05:30 DEBUG 96508 --- [           main] o.s.b.f.s.DefaultListableBeanFactory     : Creating shared instance of singleton bean 'org.springframework.boot.context.properties.BoundConfigurationProperties'
2023-09-06T18:32:49.953+05:30 DEBUG 96508 --- [           main] o.s.b.f.s.DefaultListableBeanFactory     : Creating shared instance of singleton bean 'jdbcConnectionDetails'
2023-09-06T18:32:49.953+05:30 DEBUG 96508 --- [           main] o.s.b.f.s.DefaultListableBeanFactory     : Creating shared instance of singleton bean 'org.springframework.boot.autoconfigure.jdbc.DataSourceAutoConfiguration$PooledDataSourceConfiguration'
2023-09-06T18:32:49.954+05:30 DEBUG 96508 --- [           main] o.s.b.f.s.DefaultListableBeanFactory     : Autowiring by type from bean name 'jdbcConnectionDetails' via factory method to bean named 'spring.datasource-org.springframework.boot.autoconfigure.jdbc.DataSourceProperties'
2023-09-06T18:32:49.954+05:30 DEBUG 96508 --- [           main] o.s.b.f.s.DefaultListableBeanFactory     : Autowiring by type from bean name 'dataSource' via factory method to bean named 'spring.datasource-org.springframework.boot.autoconfigure.jdbc.DataSourceProperties'
2023-09-06T18:32:49.954+05:30 DEBUG 96508 --- [           main] o.s.b.f.s.DefaultListableBeanFactory     : Autowiring by type from bean name 'dataSource' via factory method to bean named 'jdbcConnectionDetails'
2023-09-06T18:32:49.956+05:30 DEBUG 96508 --- [           main] com.zaxxer.hikari.HikariConfig           : Driver class com.mysql.cj.jdbc.Driver found in Thread context class loader jdk.internal.loader.ClassLoaders$AppClassLoader@7e32c033
2023-09-06T18:32:49.966+05:30 DEBUG 96508 --- [           main] o.s.b.f.s.DefaultListableBeanFactory     : Creating shared instance of singleton bean 'spring.sql.init-org.springframework.boot.autoconfigure.sql.init.SqlInitializationProperties'
2023-09-06T18:32:49.968+05:30 DEBUG 96508 --- [           main] o.s.b.f.s.DefaultListableBeanFactory     : Autowiring by type from bean name 'dataSourceScriptDatabaseInitializer' via factory method to bean named 'dataSource'
2023-09-06T18:32:49.968+05:30 DEBUG 96508 --- [           main] o.s.b.f.s.DefaultListableBeanFactory     : Autowiring by type from bean name 'dataSourceScriptDatabaseInitializer' via factory method to bean named 'spring.sql.init-org.springframework.boot.autoconfigure.sql.init.SqlInitializationProperties'
2023-09-06T18:32:49.970+05:30 DEBUG 96508 --- [           main] o.s.b.f.s.DefaultListableBeanFactory     : Creating shared instance of singleton bean 'entityManagerFactory'
2023-09-06T18:32:49.970+05:30 DEBUG 96508 --- [           main] o.s.b.f.s.DefaultListableBeanFactory     : Creating shared instance of singleton bean 'org.springframework.boot.autoconfigure.orm.jpa.HibernateJpaConfiguration'
2023-09-06T18:32:49.971+05:30 DEBUG 96508 --- [           main] o.s.b.f.s.DefaultListableBeanFactory     : Creating shared instance of singleton bean 'spring.jpa-org.springframework.boot.autoconfigure.orm.jpa.JpaProperties'
2023-09-06T18:32:49.972+05:30 DEBUG 96508 --- [           main] o.s.b.f.s.DefaultListableBeanFactory     : Creating shared instance of singleton bean 'spring.jpa.hibernate-org.springframework.boot.autoconfigure.orm.jpa.HibernateProperties'
2023-09-06T18:32:49.973+05:30 DEBUG 96508 --- [           main] o.s.b.f.s.DefaultListableBeanFactory     : Autowiring by type from bean name 'org.springframework.boot.autoconfigure.orm.jpa.HibernateJpaConfiguration' via constructor to bean named 'dataSource'
2023-09-06T18:32:49.973+05:30 DEBUG 96508 --- [           main] o.s.b.f.s.DefaultListableBeanFactory     : Autowiring by type from bean name 'org.springframework.boot.autoconfigure.orm.jpa.HibernateJpaConfiguration' via constructor to bean named 'spring.jpa-org.springframework.boot.autoconfigure.orm.jpa.JpaProperties'
2023-09-06T18:32:49.973+05:30 DEBUG 96508 --- [           main] o.s.b.f.s.DefaultListableBeanFactory     : Autowiring by type from bean name 'org.springframework.boot.autoconfigure.orm.jpa.HibernateJpaConfiguration' via constructor to bean named 'org.springframework.beans.factory.support.DefaultListableBeanFactory@4e406694'
2023-09-06T18:32:49.973+05:30 DEBUG 96508 --- [           main] o.s.b.f.s.DefaultListableBeanFactory     : Autowiring by type from bean name 'org.springframework.boot.autoconfigure.orm.jpa.HibernateJpaConfiguration' via constructor to bean named 'spring.jpa.hibernate-org.springframework.boot.autoconfigure.orm.jpa.HibernateProperties'
2023-09-06T18:32:49.974+05:30 DEBUG 96508 --- [           main] o.s.b.f.s.DefaultListableBeanFactory     : Creating shared instance of singleton bean 'hikariPoolDataSourceMetadataProvider'
2023-09-06T18:32:49.975+05:30 DEBUG 96508 --- [           main] o.s.b.f.s.DefaultListableBeanFactory     : Creating shared instance of singleton bean 'org.springframework.boot.autoconfigure.jdbc.metadata.DataSourcePoolMetadataProvidersConfiguration$HikariPoolDataSourceMetadataProviderConfiguration'
2023-09-06T18:32:49.977+05:30 DEBUG 96508 --- [           main] o.s.b.f.s.DefaultListableBeanFactory     : Creating shared instance of singleton bean 'entityManagerFactoryBuilder'
2023-09-06T18:32:49.977+05:30 DEBUG 96508 --- [           main] o.s.b.f.s.DefaultListableBeanFactory     : Creating shared instance of singleton bean 'jpaVendorAdapter'
2023-09-06T18:32:49.982+05:30 DEBUG 96508 --- [           main] org.jboss.logging                        : Logging Provider: org.jboss.logging.Slf4jLoggerProvider found via system property
2023-09-06T18:32:49.983+05:30 DEBUG 96508 --- [           main] o.s.b.f.s.DefaultListableBeanFactory     : Autowiring by type from bean name 'entityManagerFactoryBuilder' via factory method to bean named 'jpaVendorAdapter'
2023-09-06T18:32:49.985+05:30 DEBUG 96508 --- [           main] o.s.b.f.s.DefaultListableBeanFactory     : Creating shared instance of singleton bean 'persistenceManagedTypes'
2023-09-06T18:32:49.985+05:30 DEBUG 96508 --- [           main] o.s.b.f.s.DefaultListableBeanFactory     : Autowiring by type from bean name 'persistenceManagedTypes' via factory method to bean named 'org.springframework.beans.factory.support.DefaultListableBeanFactory@4e406694'
2023-09-06T18:32:49.985+05:30 DEBUG 96508 --- [           main] o.s.b.f.s.DefaultListableBeanFactory     : Autowiring by type from bean name 'persistenceManagedTypes' via factory method to bean named 'org.springframework.web.context.support.GenericWebApplicationContext@3b366632'
2023-09-06T18:32:49.991+05:30 DEBUG 96508 --- [           main] o.s.b.f.s.DefaultListableBeanFactory     : Autowiring by type from bean name 'entityManagerFactory' via factory method to bean named 'entityManagerFactoryBuilder'
2023-09-06T18:32:49.991+05:30 DEBUG 96508 --- [           main] o.s.b.f.s.DefaultListableBeanFactory     : Autowiring by type from bean name 'entityManagerFactory' via factory method to bean named 'persistenceManagedTypes'
2023-09-06T18:32:49.994+05:30 DEBUG 96508 --- [           main] o.s.jdbc.datasource.DataSourceUtils      : Fetching JDBC Connection from DataSource
2023-09-06T18:32:49.994+05:30 DEBUG 96508 --- [           main] com.zaxxer.hikari.HikariConfig           : HikariPool-1 - configuration:
2023-09-06T18:32:49.996+05:30 DEBUG 96508 --- [           main] com.zaxxer.hikari.HikariConfig           : allowPoolSuspension.............false
2023-09-06T18:32:49.996+05:30 DEBUG 96508 --- [           main] com.zaxxer.hikari.HikariConfig           : autoCommit......................true
2023-09-06T18:32:49.996+05:30 DEBUG 96508 --- [           main] com.zaxxer.hikari.HikariConfig           : catalog.........................none
2023-09-06T18:32:49.996+05:30 DEBUG 96508 --- [           main] com.zaxxer.hikari.HikariConfig           : connectionInitSql...............none
2023-09-06T18:32:49.996+05:30 DEBUG 96508 --- [           main] com.zaxxer.hikari.HikariConfig           : connectionTestQuery.............none
2023-09-06T18:32:49.997+05:30 DEBUG 96508 --- [           main] com.zaxxer.hikari.HikariConfig           : connectionTimeout...............30000
2023-09-06T18:32:49.997+05:30 DEBUG 96508 --- [           main] com.zaxxer.hikari.HikariConfig           : dataSource......................none
2023-09-06T18:32:49.997+05:30 DEBUG 96508 --- [           main] com.zaxxer.hikari.HikariConfig           : dataSourceClassName.............none
2023-09-06T18:32:49.997+05:30 DEBUG 96508 --- [           main] com.zaxxer.hikari.HikariConfig           : dataSourceJNDI..................none
2023-09-06T18:32:49.997+05:30 DEBUG 96508 --- [           main] com.zaxxer.hikari.HikariConfig           : dataSourceProperties............{password=<masked>}
2023-09-06T18:32:49.997+05:30 DEBUG 96508 --- [           main] com.zaxxer.hikari.HikariConfig           : driverClassName................."com.mysql.cj.jdbc.Driver"
2023-09-06T18:32:49.997+05:30 DEBUG 96508 --- [           main] com.zaxxer.hikari.HikariConfig           : exceptionOverrideClassName......none
2023-09-06T18:32:49.997+05:30 DEBUG 96508 --- [           main] com.zaxxer.hikari.HikariConfig           : healthCheckProperties...........{}
2023-09-06T18:32:49.997+05:30 DEBUG 96508 --- [           main] com.zaxxer.hikari.HikariConfig           : healthCheckRegistry.............none
2023-09-06T18:32:49.998+05:30 DEBUG 96508 --- [           main] com.zaxxer.hikari.HikariConfig           : idleTimeout.....................600000
2023-09-06T18:32:49.998+05:30 DEBUG 96508 --- [           main] com.zaxxer.hikari.HikariConfig           : initializationFailTimeout.......1
2023-09-06T18:32:49.998+05:30 DEBUG 96508 --- [           main] com.zaxxer.hikari.HikariConfig           : isolateInternalQueries..........false
2023-09-06T18:32:49.998+05:30 DEBUG 96508 --- [           main] com.zaxxer.hikari.HikariConfig           : jdbcUrl.........................jdbc:mysql://localhost:3306/security
2023-09-06T18:32:49.998+05:30 DEBUG 96508 --- [           main] com.zaxxer.hikari.HikariConfig           : keepaliveTime...................0
2023-09-06T18:32:49.998+05:30 DEBUG 96508 --- [           main] com.zaxxer.hikari.HikariConfig           : leakDetectionThreshold..........0
2023-09-06T18:32:49.998+05:30 DEBUG 96508 --- [           main] com.zaxxer.hikari.HikariConfig           : maxLifetime.....................1800000
2023-09-06T18:32:49.998+05:30 DEBUG 96508 --- [           main] com.zaxxer.hikari.HikariConfig           : maximumPoolSize.................10
2023-09-06T18:32:49.998+05:30 DEBUG 96508 --- [           main] com.zaxxer.hikari.HikariConfig           : metricRegistry..................none
2023-09-06T18:32:49.998+05:30 DEBUG 96508 --- [           main] com.zaxxer.hikari.HikariConfig           : metricsTrackerFactory...........none
2023-09-06T18:32:49.998+05:30 DEBUG 96508 --- [           main] com.zaxxer.hikari.HikariConfig           : minimumIdle.....................10
2023-09-06T18:32:49.998+05:30 DEBUG 96508 --- [           main] com.zaxxer.hikari.HikariConfig           : password........................<masked>
2023-09-06T18:32:49.998+05:30 DEBUG 96508 --- [           main] com.zaxxer.hikari.HikariConfig           : poolName........................"HikariPool-1"
2023-09-06T18:32:49.998+05:30 DEBUG 96508 --- [           main] com.zaxxer.hikari.HikariConfig           : readOnly........................false
2023-09-06T18:32:49.998+05:30 DEBUG 96508 --- [           main] com.zaxxer.hikari.HikariConfig           : registerMbeans..................false
2023-09-06T18:32:49.998+05:30 DEBUG 96508 --- [           main] com.zaxxer.hikari.HikariConfig           : scheduledExecutor...............none
2023-09-06T18:32:49.999+05:30 DEBUG 96508 --- [           main] com.zaxxer.hikari.HikariConfig           : schema..........................none
2023-09-06T18:32:49.999+05:30 DEBUG 96508 --- [           main] com.zaxxer.hikari.HikariConfig           : threadFactory...................internal
2023-09-06T18:32:49.999+05:30 DEBUG 96508 --- [           main] com.zaxxer.hikari.HikariConfig           : transactionIsolation............default
2023-09-06T18:32:49.999+05:30 DEBUG 96508 --- [           main] com.zaxxer.hikari.HikariConfig           : username........................"springcourseportal"
2023-09-06T18:32:49.999+05:30 DEBUG 96508 --- [           main] com.zaxxer.hikari.HikariConfig           : validationTimeout...............5000
2023-09-06T18:32:49.999+05:30  INFO 96508 --- [           main] com.zaxxer.hikari.HikariDataSource       : HikariPool-1 - Starting...
2023-09-06T18:32:50.152+05:30 DEBUG 96508 --- [           main] jdk.event.security                       : X509Certificate: Alg:SHA256withRSA, Serial:2, Subject:CN=MySQL_Server_8.1.0_Auto_Generated_Server_Certificate, Issuer:CN=MySQL_Server_8.1.0_Auto_Generated_CA_Certificate, Key type:RSA, Length:2048, Cert Id:3132542068, Valid from:31/07/23, 1:00 pm, Valid until:28/07/33, 1:00 pm
2023-09-06T18:32:50.153+05:30 DEBUG 96508 --- [           main] jdk.event.security                       : X509Certificate: Alg:SHA256withRSA, Serial:1, Subject:CN=MySQL_Server_8.1.0_Auto_Generated_CA_Certificate, Issuer:CN=MySQL_Server_8.1.0_Auto_Generated_CA_Certificate, Key type:RSA, Length:2048, Cert Id:2263921302, Valid from:31/07/23, 1:00 pm, Valid until:28/07/33, 1:00 pm
2023-09-06T18:32:50.158+05:30 DEBUG 96508 --- [           main] jdk.event.security                       :  TLSHandshake: localhost:3306, TLSv1.3, TLS_AES_256_GCM_SHA384, 3132542068
2023-09-06T18:32:50.175+05:30  INFO 96508 --- [           main] com.zaxxer.hikari.pool.HikariPool        : HikariPool-1 - Added connection com.mysql.cj.jdbc.ConnectionImpl@4f7be6c8
2023-09-06T18:32:50.176+05:30  INFO 96508 --- [           main] com.zaxxer.hikari.HikariDataSource       : HikariPool-1 - Start completed.
2023-09-06T18:32:50.188+05:30 DEBUG 96508 --- [           main] j.LocalContainerEntityManagerFactoryBean : Building JPA container EntityManagerFactory for persistence unit 'default'
2023-09-06T18:32:50.197+05:30 DEBUG 96508 --- [           main] o.hibernate.jpa.internal.util.LogHelper  : PersistenceUnitInfo [
	name: default
	persistence provider classname: null
	classloader: jdk.internal.loader.ClassLoaders$AppClassLoader@7e32c033
	excludeUnlistedClasses: true
	JTA datasource: null
	Non JTA datasource: HikariDataSource (HikariPool-1)
	Transaction type: RESOURCE_LOCAL
	PU root URL: file:/Users/maamathikrishnan/Documents/Domain%20Training/springsecurity/target/test-classes/
	Shared Cache Mode: UNSPECIFIED
	Validation Mode: AUTO
	Jar files URLs []
	Managed classes names []
	Mapping files names []
	Properties []
2023-09-06T18:32:50.200+05:30 DEBUG 96508 --- [           main] o.h.i.internal.IntegratorServiceImpl     : Adding Integrator [org.hibernate.boot.beanvalidation.BeanValidationIntegrator].
2023-09-06T18:32:50.201+05:30 DEBUG 96508 --- [           main] o.h.i.internal.IntegratorServiceImpl     : Adding Integrator [org.hibernate.cache.internal.CollectionCacheInvalidator].
2023-09-06T18:32:50.213+05:30  INFO 96508 --- [           main] org.hibernate.Version                    : HHH000412: Hibernate ORM core version 6.2.7.Final
2023-09-06T18:32:50.213+05:30 DEBUG 96508 --- [           main] org.hibernate.cfg.Environment            : HHH000206: hibernate.properties not found
2023-09-06T18:32:50.213+05:30  INFO 96508 --- [           main] org.hibernate.cfg.Environment            : HHH000406: Using bytecode reflection optimizer
2023-09-06T18:32:50.221+05:30 DEBUG 96508 --- [           main] org.hibernate.orm.idgen.factory          : Registering IdentifierGenerator strategy [uuid2] -> [org.hibernate.id.UUIDGenerator]
2023-09-06T18:32:50.221+05:30 DEBUG 96508 --- [           main] org.hibernate.orm.idgen.factory          : Registering IdentifierGenerator strategy [guid] -> [org.hibernate.id.GUIDGenerator]
2023-09-06T18:32:50.222+05:30 DEBUG 96508 --- [           main] org.hibernate.orm.idgen.factory          : Registering IdentifierGenerator strategy [uuid] -> [org.hibernate.id.UUIDHexGenerator]
2023-09-06T18:32:50.222+05:30 DEBUG 96508 --- [           main] org.hibernate.orm.idgen.factory          : Registering IdentifierGenerator strategy [uuid.hex] -> [org.hibernate.id.UUIDHexGenerator]
2023-09-06T18:32:50.222+05:30 DEBUG 96508 --- [           main] org.hibernate.orm.idgen.factory          : Registering IdentifierGenerator strategy [assigned] -> [org.hibernate.id.Assigned]
2023-09-06T18:32:50.222+05:30 DEBUG 96508 --- [           main] org.hibernate.orm.idgen.factory          : Registering IdentifierGenerator strategy [identity] -> [org.hibernate.id.IdentityGenerator]
2023-09-06T18:32:50.222+05:30 DEBUG 96508 --- [           main] org.hibernate.orm.idgen.factory          : Registering IdentifierGenerator strategy [select] -> [org.hibernate.id.SelectGenerator]
2023-09-06T18:32:50.222+05:30 DEBUG 96508 --- [           main] org.hibernate.orm.idgen.factory          : Registering IdentifierGenerator strategy [sequence] -> [org.hibernate.id.enhanced.SequenceStyleGenerator]
2023-09-06T18:32:50.223+05:30 DEBUG 96508 --- [           main] org.hibernate.orm.idgen.factory          : Registering IdentifierGenerator strategy [increment] -> [org.hibernate.id.IncrementGenerator]
2023-09-06T18:32:50.223+05:30 DEBUG 96508 --- [           main] org.hibernate.orm.idgen.factory          : Registering IdentifierGenerator strategy [foreign] -> [org.hibernate.id.ForeignGenerator]
2023-09-06T18:32:50.223+05:30 DEBUG 96508 --- [           main] org.hibernate.orm.idgen.factory          : Registering IdentifierGenerator strategy [enhanced-sequence] -> [org.hibernate.id.enhanced.SequenceStyleGenerator]
2023-09-06T18:32:50.223+05:30 DEBUG 96508 --- [           main] org.hibernate.orm.idgen.factory          : Registering IdentifierGenerator strategy [enhanced-table] -> [org.hibernate.id.enhanced.TableGenerator]
2023-09-06T18:32:50.225+05:30 DEBUG 96508 --- [           main] o.h.c.internal.RegionFactoryInitiator    : Cannot default RegionFactory based on registered strategies as `[]` RegionFactory strategies were registered
2023-09-06T18:32:50.225+05:30 DEBUG 96508 --- [           main] o.h.c.internal.RegionFactoryInitiator    : Cache region factory : org.hibernate.cache.internal.NoCachingRegionFactory
2023-09-06T18:32:50.250+05:30 DEBUG 96508 --- [           main] org.hibernate.type.BasicTypeRegistry     : Adding type registration boolean -> org.hibernate.type.BasicTypeReference@582a3b19
2023-09-06T18:32:50.250+05:30 DEBUG 96508 --- [           main] org.hibernate.type.BasicTypeRegistry     : Adding type registration boolean -> org.hibernate.type.BasicTypeReference@582a3b19
2023-09-06T18:32:50.250+05:30 DEBUG 96508 --- [           main] org.hibernate.type.BasicTypeRegistry     : Adding type registration java.lang.Boolean -> org.hibernate.type.BasicTypeReference@582a3b19
2023-09-06T18:32:50.250+05:30 DEBUG 96508 --- [           main] org.hibernate.type.BasicTypeRegistry     : Adding type registration numeric_boolean -> org.hibernate.type.BasicTypeReference@2b0454d2
2023-09-06T18:32:50.250+05:30 DEBUG 96508 --- [           main] org.hibernate.type.BasicTypeRegistry     : Adding type registration org.hibernate.type.NumericBooleanConverter -> org.hibernate.type.BasicTypeReference@2b0454d2
2023-09-06T18:32:50.250+05:30 DEBUG 96508 --- [           main] org.hibernate.type.BasicTypeRegistry     : Adding type registration true_false -> org.hibernate.type.BasicTypeReference@2616b618
2023-09-06T18:32:50.250+05:30 DEBUG 96508 --- [           main] org.hibernate.type.BasicTypeRegistry     : Adding type registration org.hibernate.type.TrueFalseConverter -> org.hibernate.type.BasicTypeReference@2616b618
2023-09-06T18:32:50.250+05:30 DEBUG 96508 --- [           main] org.hibernate.type.BasicTypeRegistry     : Adding type registration yes_no -> org.hibernate.type.BasicTypeReference@73bb573d
2023-09-06T18:32:50.250+05:30 DEBUG 96508 --- [           main] org.hibernate.type.BasicTypeRegistry     : Adding type registration org.hibernate.type.YesNoConverter -> org.hibernate.type.BasicTypeReference@73bb573d
2023-09-06T18:32:50.250+05:30 DEBUG 96508 --- [           main] org.hibernate.type.BasicTypeRegistry     : Adding type registration byte -> org.hibernate.type.BasicTypeReference@7ac058a0
2023-09-06T18:32:50.250+05:30 DEBUG 96508 --- [           main] org.hibernate.type.BasicTypeRegistry     : Adding type registration byte -> org.hibernate.type.BasicTypeReference@7ac058a0
2023-09-06T18:32:50.250+05:30 DEBUG 96508 --- [           main] org.hibernate.type.BasicTypeRegistry     : Adding type registration java.lang.Byte -> org.hibernate.type.BasicTypeReference@7ac058a0
2023-09-06T18:32:50.250+05:30 DEBUG 96508 --- [           main] org.hibernate.type.BasicTypeRegistry     : Adding type registration binary -> org.hibernate.type.BasicTypeReference@736b21ee
2023-09-06T18:32:50.250+05:30 DEBUG 96508 --- [           main] org.hibernate.type.BasicTypeRegistry     : Adding type registration byte[] -> org.hibernate.type.BasicTypeReference@736b21ee
2023-09-06T18:32:50.250+05:30 DEBUG 96508 --- [           main] org.hibernate.type.BasicTypeRegistry     : Adding type registration [B -> org.hibernate.type.BasicTypeReference@736b21ee
2023-09-06T18:32:50.250+05:30 DEBUG 96508 --- [           main] org.hibernate.type.BasicTypeRegistry     : Adding type registration binary_wrapper -> org.hibernate.type.BasicTypeReference@60deefed
2023-09-06T18:32:50.250+05:30 DEBUG 96508 --- [           main] org.hibernate.type.BasicTypeRegistry     : Adding type registration wrapper-binary -> org.hibernate.type.BasicTypeReference@60deefed
2023-09-06T18:32:50.250+05:30 DEBUG 96508 --- [           main] org.hibernate.type.BasicTypeRegistry     : Adding type registration image -> org.hibernate.type.BasicTypeReference@49754e74
2023-09-06T18:32:50.250+05:30 DEBUG 96508 --- [           main] org.hibernate.type.BasicTypeRegistry     : Adding type registration blob -> org.hibernate.type.BasicTypeReference@31881aa2
2023-09-06T18:32:50.250+05:30 DEBUG 96508 --- [           main] org.hibernate.type.BasicTypeRegistry     : Adding type registration java.sql.Blob -> org.hibernate.type.BasicTypeReference@31881aa2
2023-09-06T18:32:50.250+05:30 DEBUG 96508 --- [           main] org.hibernate.type.BasicTypeRegistry     : Adding type registration materialized_blob -> org.hibernate.type.BasicTypeReference@1b46392c
2023-09-06T18:32:50.250+05:30 DEBUG 96508 --- [           main] org.hibernate.type.BasicTypeRegistry     : Adding type registration materialized_blob_wrapper -> org.hibernate.type.BasicTypeReference@cf01c2e
2023-09-06T18:32:50.250+05:30 DEBUG 96508 --- [           main] org.hibernate.type.BasicTypeRegistry     : Adding type registration short -> org.hibernate.type.BasicTypeReference@6f15f52a
2023-09-06T18:32:50.250+05:30 DEBUG 96508 --- [           main] org.hibernate.type.BasicTypeRegistry     : Adding type registration short -> org.hibernate.type.BasicTypeReference@6f15f52a
2023-09-06T18:32:50.250+05:30 DEBUG 96508 --- [           main] org.hibernate.type.BasicTypeRegistry     : Adding type registration java.lang.Short -> org.hibernate.type.BasicTypeReference@6f15f52a
2023-09-06T18:32:50.250+05:30 DEBUG 96508 --- [           main] org.hibernate.type.BasicTypeRegistry     : Adding type registration integer -> org.hibernate.type.BasicTypeReference@1eb9bf60
2023-09-06T18:32:50.251+05:30 DEBUG 96508 --- [           main] org.hibernate.type.BasicTypeRegistry     : Adding type registration int -> org.hibernate.type.BasicTypeReference@1eb9bf60
2023-09-06T18:32:50.251+05:30 DEBUG 96508 --- [           main] org.hibernate.type.BasicTypeRegistry     : Adding type registration java.lang.Integer -> org.hibernate.type.BasicTypeReference@1eb9bf60
2023-09-06T18:32:50.251+05:30 DEBUG 96508 --- [           main] org.hibernate.type.BasicTypeRegistry     : Adding type registration long -> org.hibernate.type.BasicTypeReference@341c6ac2
2023-09-06T18:32:50.251+05:30 DEBUG 96508 --- [           main] org.hibernate.type.BasicTypeRegistry     : Adding type registration long -> org.hibernate.type.BasicTypeReference@341c6ac2
2023-09-06T18:32:50.251+05:30 DEBUG 96508 --- [           main] org.hibernate.type.BasicTypeRegistry     : Adding type registration java.lang.Long -> org.hibernate.type.BasicTypeReference@341c6ac2
2023-09-06T18:32:50.251+05:30 DEBUG 96508 --- [           main] org.hibernate.type.BasicTypeRegistry     : Adding type registration float -> org.hibernate.type.BasicTypeReference@38811103
2023-09-06T18:32:50.251+05:30 DEBUG 96508 --- [           main] org.hibernate.type.BasicTypeRegistry     : Adding type registration float -> org.hibernate.type.BasicTypeReference@38811103
2023-09-06T18:32:50.251+05:30 DEBUG 96508 --- [           main] org.hibernate.type.BasicTypeRegistry     : Adding type registration java.lang.Float -> org.hibernate.type.BasicTypeReference@38811103
2023-09-06T18:32:50.251+05:30 DEBUG 96508 --- [           main] org.hibernate.type.BasicTypeRegistry     : Adding type registration double -> org.hibernate.type.BasicTypeReference@787d1f9c
2023-09-06T18:32:50.251+05:30 DEBUG 96508 --- [           main] org.hibernate.type.BasicTypeRegistry     : Adding type registration double -> org.hibernate.type.BasicTypeReference@787d1f9c
2023-09-06T18:32:50.251+05:30 DEBUG 96508 --- [           main] org.hibernate.type.BasicTypeRegistry     : Adding type registration java.lang.Double -> org.hibernate.type.BasicTypeReference@787d1f9c
2023-09-06T18:32:50.251+05:30 DEBUG 96508 --- [           main] org.hibernate.type.BasicTypeRegistry     : Adding type registration big_integer -> org.hibernate.type.BasicTypeReference@2becfd4c
2023-09-06T18:32:50.251+05:30 DEBUG 96508 --- [           main] org.hibernate.type.BasicTypeRegistry     : Adding type registration java.math.BigInteger -> org.hibernate.type.BasicTypeReference@2becfd4c
2023-09-06T18:32:50.251+05:30 DEBUG 96508 --- [           main] org.hibernate.type.BasicTypeRegistry     : Adding type registration big_decimal -> org.hibernate.type.BasicTypeReference@7c71c889
2023-09-06T18:32:50.251+05:30 DEBUG 96508 --- [           main] org.hibernate.type.BasicTypeRegistry     : Adding type registration java.math.BigDecimal -> org.hibernate.type.BasicTypeReference@7c71c889
2023-09-06T18:32:50.251+05:30 DEBUG 96508 --- [           main] org.hibernate.type.BasicTypeRegistry     : Adding type registration character -> org.hibernate.type.BasicTypeReference@4cc8d70d
2023-09-06T18:32:50.251+05:30 DEBUG 96508 --- [           main] org.hibernate.type.BasicTypeRegistry     : Adding type registration char -> org.hibernate.type.BasicTypeReference@4cc8d70d
2023-09-06T18:32:50.251+05:30 DEBUG 96508 --- [           main] org.hibernate.type.BasicTypeRegistry     : Adding type registration java.lang.Character -> org.hibernate.type.BasicTypeReference@4cc8d70d
2023-09-06T18:32:50.251+05:30 DEBUG 96508 --- [           main] org.hibernate.type.BasicTypeRegistry     : Adding type registration character_nchar -> org.hibernate.type.BasicTypeReference@5c59a0f7
2023-09-06T18:32:50.251+05:30 DEBUG 96508 --- [           main] org.hibernate.type.BasicTypeRegistry     : Adding type registration string -> org.hibernate.type.BasicTypeReference@101330ad
2023-09-06T18:32:50.251+05:30 DEBUG 96508 --- [           main] org.hibernate.type.BasicTypeRegistry     : Adding type registration java.lang.String -> org.hibernate.type.BasicTypeReference@101330ad
2023-09-06T18:32:50.251+05:30 DEBUG 96508 --- [           main] org.hibernate.type.BasicTypeRegistry     : Adding type registration nstring -> org.hibernate.type.BasicTypeReference@625487a6
2023-09-06T18:32:50.251+05:30 DEBUG 96508 --- [           main] org.hibernate.type.BasicTypeRegistry     : Adding type registration characters -> org.hibernate.type.BasicTypeReference@682e445e
2023-09-06T18:32:50.251+05:30 DEBUG 96508 --- [           main] org.hibernate.type.BasicTypeRegistry     : Adding type registration char[] -> org.hibernate.type.BasicTypeReference@682e445e
2023-09-06T18:32:50.251+05:30 DEBUG 96508 --- [           main] org.hibernate.type.BasicTypeRegistry     : Adding type registration [C -> org.hibernate.type.BasicTypeReference@682e445e
2023-09-06T18:32:50.251+05:30 DEBUG 96508 --- [           main] org.hibernate.type.BasicTypeRegistry     : Adding type registration wrapper-characters -> org.hibernate.type.BasicTypeReference@79e10fb4
2023-09-06T18:32:50.251+05:30 DEBUG 96508 --- [           main] org.hibernate.type.BasicTypeRegistry     : Adding type registration text -> org.hibernate.type.BasicTypeReference@70fede7d
2023-09-06T18:32:50.251+05:30 DEBUG 96508 --- [           main] org.hibernate.type.BasicTypeRegistry     : Adding type registration ntext -> org.hibernate.type.BasicTypeReference@36510e73
2023-09-06T18:32:50.251+05:30 DEBUG 96508 --- [           main] org.hibernate.type.BasicTypeRegistry     : Adding type registration clob -> org.hibernate.type.BasicTypeReference@2c47a053
2023-09-06T18:32:50.251+05:30 DEBUG 96508 --- [           main] org.hibernate.type.BasicTypeRegistry     : Adding type registration java.sql.Clob -> org.hibernate.type.BasicTypeReference@2c47a053
2023-09-06T18:32:50.251+05:30 DEBUG 96508 --- [           main] org.hibernate.type.BasicTypeRegistry     : Adding type registration nclob -> org.hibernate.type.BasicTypeReference@5d2a86c0
2023-09-06T18:32:50.251+05:30 DEBUG 96508 --- [           main] org.hibernate.type.BasicTypeRegistry     : Adding type registration java.sql.NClob -> org.hibernate.type.BasicTypeReference@5d2a86c0
2023-09-06T18:32:50.251+05:30 DEBUG 96508 --- [           main] org.hibernate.type.BasicTypeRegistry     : Adding type registration materialized_clob -> org.hibernate.type.BasicTypeReference@5ba1b62e
2023-09-06T18:32:50.251+05:30 DEBUG 96508 --- [           main] org.hibernate.type.BasicTypeRegistry     : Adding type registration materialized_clob_char_array -> org.hibernate.type.BasicTypeReference@65bd19bf
2023-09-06T18:32:50.251+05:30 DEBUG 96508 --- [           main] org.hibernate.type.BasicTypeRegistry     : Adding type registration materialized_clob_character_array -> org.hibernate.type.BasicTypeReference@74697863
2023-09-06T18:32:50.252+05:30 DEBUG 96508 --- [           main] org.hibernate.type.BasicTypeRegistry     : Adding type registration materialized_nclob -> org.hibernate.type.BasicTypeReference@7d7ceca8
2023-09-06T18:32:50.252+05:30 DEBUG 96508 --- [           main] org.hibernate.type.BasicTypeRegistry     : Adding type registration materialized_nclob_character_array -> org.hibernate.type.BasicTypeReference@2bba35ef
2023-09-06T18:32:50.252+05:30 DEBUG 96508 --- [           main] org.hibernate.type.BasicTypeRegistry     : Adding type registration materialized_nclob_char_array -> org.hibernate.type.BasicTypeReference@26c7b1c6
2023-09-06T18:32:50.252+05:30 DEBUG 96508 --- [           main] org.hibernate.type.BasicTypeRegistry     : Adding type registration Duration -> org.hibernate.type.BasicTypeReference@19526f1d
2023-09-06T18:32:50.252+05:30 DEBUG 96508 --- [           main] org.hibernate.type.BasicTypeRegistry     : Adding type registration java.time.Duration -> org.hibernate.type.BasicTypeReference@19526f1d
2023-09-06T18:32:50.252+05:30 DEBUG 96508 --- [           main] org.hibernate.type.BasicTypeRegistry     : Adding type registration LocalDateTime -> org.hibernate.type.BasicTypeReference@3d1c933
2023-09-06T18:32:50.252+05:30 DEBUG 96508 --- [           main] org.hibernate.type.BasicTypeRegistry     : Adding type registration java.time.LocalDateTime -> org.hibernate.type.BasicTypeReference@3d1c933
2023-09-06T18:32:50.252+05:30 DEBUG 96508 --- [           main] org.hibernate.type.BasicTypeRegistry     : Adding type registration LocalDate -> org.hibernate.type.BasicTypeReference@79be91eb
2023-09-06T18:32:50.252+05:30 DEBUG 96508 --- [           main] org.hibernate.type.BasicTypeRegistry     : Adding type registration java.time.LocalDate -> org.hibernate.type.BasicTypeReference@79be91eb
2023-09-06T18:32:50.252+05:30 DEBUG 96508 --- [           main] org.hibernate.type.BasicTypeRegistry     : Adding type registration LocalTime -> org.hibernate.type.BasicTypeReference@626c569b
2023-09-06T18:32:50.252+05:30 DEBUG 96508 --- [           main] org.hibernate.type.BasicTypeRegistry     : Adding type registration java.time.LocalTime -> org.hibernate.type.BasicTypeReference@626c569b
2023-09-06T18:32:50.252+05:30 DEBUG 96508 --- [           main] org.hibernate.type.BasicTypeRegistry     : Adding type registration OffsetDateTime -> org.hibernate.type.BasicTypeReference@684ce74c
2023-09-06T18:32:50.252+05:30 DEBUG 96508 --- [           main] org.hibernate.type.BasicTypeRegistry     : Adding type registration java.time.OffsetDateTime -> org.hibernate.type.BasicTypeReference@684ce74c
2023-09-06T18:32:50.252+05:30 DEBUG 96508 --- [           main] org.hibernate.type.BasicTypeRegistry     : Adding type registration OffsetDateTimeWithTimezone -> org.hibernate.type.BasicTypeReference@65593327
2023-09-06T18:32:50.252+05:30 DEBUG 96508 --- [           main] org.hibernate.type.BasicTypeRegistry     : Adding type registration OffsetDateTimeWithoutTimezone -> org.hibernate.type.BasicTypeReference@68e5c7ae
2023-09-06T18:32:50.252+05:30 DEBUG 96508 --- [           main] org.hibernate.type.BasicTypeRegistry     : Adding type registration OffsetTime -> org.hibernate.type.BasicTypeReference@68bd8ca7
2023-09-06T18:32:50.252+05:30 DEBUG 96508 --- [           main] org.hibernate.type.BasicTypeRegistry     : Adding type registration java.time.OffsetTime -> org.hibernate.type.BasicTypeReference@68bd8ca7
2023-09-06T18:32:50.252+05:30 DEBUG 96508 --- [           main] org.hibernate.type.BasicTypeRegistry     : Adding type registration OffsetTimeUtc -> org.hibernate.type.BasicTypeReference@6744707b
2023-09-06T18:32:50.252+05:30 DEBUG 96508 --- [           main] org.hibernate.type.BasicTypeRegistry     : Adding type registration OffsetTimeWithTimezone -> org.hibernate.type.BasicTypeReference@4b28a7bf
2023-09-06T18:32:50.252+05:30 DEBUG 96508 --- [           main] org.hibernate.type.BasicTypeRegistry     : Adding type registration OffsetTimeWithoutTimezone -> org.hibernate.type.BasicTypeReference@d36c1c3
2023-09-06T18:32:50.252+05:30 DEBUG 96508 --- [           main] org.hibernate.type.BasicTypeRegistry     : Adding type registration ZonedDateTime -> org.hibernate.type.BasicTypeReference@96abc76
2023-09-06T18:32:50.252+05:30 DEBUG 96508 --- [           main] org.hibernate.type.BasicTypeRegistry     : Adding type registration java.time.ZonedDateTime -> org.hibernate.type.BasicTypeReference@96abc76
2023-09-06T18:32:50.252+05:30 DEBUG 96508 --- [           main] org.hibernate.type.BasicTypeRegistry     : Adding type registration ZonedDateTimeWithTimezone -> org.hibernate.type.BasicTypeReference@4d69d288
2023-09-06T18:32:50.252+05:30 DEBUG 96508 --- [           main] org.hibernate.type.BasicTypeRegistry     : Adding type registration ZonedDateTimeWithoutTimezone -> org.hibernate.type.BasicTypeReference@437281c5
2023-09-06T18:32:50.252+05:30 DEBUG 96508 --- [           main] org.hibernate.type.BasicTypeRegistry     : Adding type registration date -> org.hibernate.type.BasicTypeReference@787178b1
2023-09-06T18:32:50.252+05:30 DEBUG 96508 --- [           main] org.hibernate.type.BasicTypeRegistry     : Adding type registration java.sql.Date -> org.hibernate.type.BasicTypeReference@787178b1
2023-09-06T18:32:50.252+05:30 DEBUG 96508 --- [           main] org.hibernate.type.BasicTypeRegistry     : Adding type registration time -> org.hibernate.type.BasicTypeReference@24a4e2c5
2023-09-06T18:32:50.252+05:30 DEBUG 96508 --- [           main] org.hibernate.type.BasicTypeRegistry     : Adding type registration java.sql.Time -> org.hibernate.type.BasicTypeReference@24a4e2c5
2023-09-06T18:32:50.252+05:30 DEBUG 96508 --- [           main] org.hibernate.type.BasicTypeRegistry     : Adding type registration timestamp -> org.hibernate.type.BasicTypeReference@27da994b
2023-09-06T18:32:50.252+05:30 DEBUG 96508 --- [           main] org.hibernate.type.BasicTypeRegistry     : Adding type registration java.sql.Timestamp -> org.hibernate.type.BasicTypeReference@27da994b
2023-09-06T18:32:50.252+05:30 DEBUG 96508 --- [           main] org.hibernate.type.BasicTypeRegistry     : Adding type registration java.util.Date -> org.hibernate.type.BasicTypeReference@27da994b
2023-09-06T18:32:50.252+05:30 DEBUG 96508 --- [           main] org.hibernate.type.BasicTypeRegistry     : Adding type registration calendar -> org.hibernate.type.BasicTypeReference@70f148dc
2023-09-06T18:32:50.252+05:30 DEBUG 96508 --- [           main] org.hibernate.type.BasicTypeRegistry     : Adding type registration java.util.Calendar -> org.hibernate.type.BasicTypeReference@70f148dc
2023-09-06T18:32:50.252+05:30 DEBUG 96508 --- [           main] org.hibernate.type.BasicTypeRegistry     : Adding type registration java.util.GregorianCalendar -> org.hibernate.type.BasicTypeReference@70f148dc
2023-09-06T18:32:50.252+05:30 DEBUG 96508 --- [           main] org.hibernate.type.BasicTypeRegistry     : Adding type registration calendar_date -> org.hibernate.type.BasicTypeReference@3360283
2023-09-06T18:32:50.253+05:30 DEBUG 96508 --- [           main] org.hibernate.type.BasicTypeRegistry     : Adding type registration calendar_time -> org.hibernate.type.BasicTypeReference@77aea
2023-09-06T18:32:50.253+05:30 DEBUG 96508 --- [           main] org.hibernate.type.BasicTypeRegistry     : Adding type registration instant -> org.hibernate.type.BasicTypeReference@73e4bb60
2023-09-06T18:32:50.253+05:30 DEBUG 96508 --- [           main] org.hibernate.type.BasicTypeRegistry     : Adding type registration java.time.Instant -> org.hibernate.type.BasicTypeReference@73e4bb60
2023-09-06T18:32:50.253+05:30 DEBUG 96508 --- [           main] org.hibernate.type.BasicTypeRegistry     : Adding type registration uuid -> org.hibernate.type.BasicTypeReference@9a9aa68
2023-09-06T18:32:50.253+05:30 DEBUG 96508 --- [           main] org.hibernate.type.BasicTypeRegistry     : Adding type registration java.util.UUID -> org.hibernate.type.BasicTypeReference@9a9aa68
2023-09-06T18:32:50.253+05:30 DEBUG 96508 --- [           main] org.hibernate.type.BasicTypeRegistry     : Adding type registration pg-uuid -> org.hibernate.type.BasicTypeReference@9a9aa68
2023-09-06T18:32:50.253+05:30 DEBUG 96508 --- [           main] org.hibernate.type.BasicTypeRegistry     : Adding type registration uuid-binary -> org.hibernate.type.BasicTypeReference@3a3883c4
2023-09-06T18:32:50.253+05:30 DEBUG 96508 --- [           main] org.hibernate.type.BasicTypeRegistry     : Adding type registration uuid-char -> org.hibernate.type.BasicTypeReference@1537e43
2023-09-06T18:32:50.253+05:30 DEBUG 96508 --- [           main] org.hibernate.type.BasicTypeRegistry     : Adding type registration class -> org.hibernate.type.BasicTypeReference@573aeab2
2023-09-06T18:32:50.253+05:30 DEBUG 96508 --- [           main] org.hibernate.type.BasicTypeRegistry     : Adding type registration java.lang.Class -> org.hibernate.type.BasicTypeReference@573aeab2
2023-09-06T18:32:50.253+05:30 DEBUG 96508 --- [           main] org.hibernate.type.BasicTypeRegistry     : Adding type registration currency -> org.hibernate.type.BasicTypeReference@1304e0d7
2023-09-06T18:32:50.253+05:30 DEBUG 96508 --- [           main] org.hibernate.type.BasicTypeRegistry     : Adding type registration Currency -> org.hibernate.type.BasicTypeReference@1304e0d7
2023-09-06T18:32:50.253+05:30 DEBUG 96508 --- [           main] org.hibernate.type.BasicTypeRegistry     : Adding type registration java.util.Currency -> org.hibernate.type.BasicTypeReference@1304e0d7
2023-09-06T18:32:50.253+05:30 DEBUG 96508 --- [           main] org.hibernate.type.BasicTypeRegistry     : Adding type registration locale -> org.hibernate.type.BasicTypeReference@7767bd4e
2023-09-06T18:32:50.253+05:30 DEBUG 96508 --- [           main] org.hibernate.type.BasicTypeRegistry     : Adding type registration java.util.Locale -> org.hibernate.type.BasicTypeReference@7767bd4e
2023-09-06T18:32:50.253+05:30 DEBUG 96508 --- [           main] org.hibernate.type.BasicTypeRegistry     : Adding type registration serializable -> org.hibernate.type.BasicTypeReference@7708b66a
2023-09-06T18:32:50.253+05:30 DEBUG 96508 --- [           main] org.hibernate.type.BasicTypeRegistry     : Adding type registration java.io.Serializable -> org.hibernate.type.BasicTypeReference@7708b66a
2023-09-06T18:32:50.253+05:30 DEBUG 96508 --- [           main] org.hibernate.type.BasicTypeRegistry     : Adding type registration timezone -> org.hibernate.type.BasicTypeReference@433ef204
2023-09-06T18:32:50.253+05:30 DEBUG 96508 --- [           main] org.hibernate.type.BasicTypeRegistry     : Adding type registration java.util.TimeZone -> org.hibernate.type.BasicTypeReference@433ef204
2023-09-06T18:32:50.254+05:30 DEBUG 96508 --- [           main] org.hibernate.type.BasicTypeRegistry     : Adding type registration ZoneOffset -> org.hibernate.type.BasicTypeReference@4dd2ef54
2023-09-06T18:32:50.254+05:30 DEBUG 96508 --- [           main] org.hibernate.type.BasicTypeRegistry     : Adding type registration java.time.ZoneOffset -> org.hibernate.type.BasicTypeReference@4dd2ef54
2023-09-06T18:32:50.254+05:30 DEBUG 96508 --- [           main] org.hibernate.type.BasicTypeRegistry     : Adding type registration url -> org.hibernate.type.BasicTypeReference@795b66d
2023-09-06T18:32:50.254+05:30 DEBUG 96508 --- [           main] org.hibernate.type.BasicTypeRegistry     : Adding type registration java.net.URL -> org.hibernate.type.BasicTypeReference@795b66d
2023-09-06T18:32:50.254+05:30 DEBUG 96508 --- [           main] org.hibernate.type.BasicTypeRegistry     : Adding type registration row_version -> org.hibernate.type.BasicTypeReference@359ceb13
2023-09-06T18:32:50.255+05:30 DEBUG 96508 --- [           main] org.hibernate.type.BasicTypeRegistry     : Adding type registration object -> org.hibernate.type.JavaObjectType@74123110
2023-09-06T18:32:50.255+05:30 DEBUG 96508 --- [           main] org.hibernate.type.BasicTypeRegistry     : Adding type registration java.lang.Object -> org.hibernate.type.JavaObjectType@74123110
2023-09-06T18:32:50.255+05:30 DEBUG 96508 --- [           main] org.hibernate.type.BasicTypeRegistry     : Adding type registration null -> org.hibernate.type.NullType@2aa5bd48
2023-09-06T18:32:50.255+05:30 DEBUG 96508 --- [           main] org.hibernate.type.BasicTypeRegistry     : Adding type registration imm_date -> org.hibernate.type.BasicTypeReference@7cfb8e98
2023-09-06T18:32:50.255+05:30 DEBUG 96508 --- [           main] org.hibernate.type.BasicTypeRegistry     : Adding type registration imm_time -> org.hibernate.type.BasicTypeReference@5f193335
2023-09-06T18:32:50.256+05:30 DEBUG 96508 --- [           main] org.hibernate.type.BasicTypeRegistry     : Adding type registration imm_timestamp -> org.hibernate.type.BasicTypeReference@19002b34
2023-09-06T18:32:50.256+05:30 DEBUG 96508 --- [           main] org.hibernate.type.BasicTypeRegistry     : Adding type registration imm_calendar -> org.hibernate.type.BasicTypeReference@1ec88aa1
2023-09-06T18:32:50.256+05:30 DEBUG 96508 --- [           main] org.hibernate.type.BasicTypeRegistry     : Adding type registration imm_calendar_date -> org.hibernate.type.BasicTypeReference@3e6748ae
2023-09-06T18:32:50.256+05:30 DEBUG 96508 --- [           main] org.hibernate.type.BasicTypeRegistry     : Adding type registration imm_calendar_time -> org.hibernate.type.BasicTypeReference@28f154cc
2023-09-06T18:32:50.256+05:30 DEBUG 96508 --- [           main] org.hibernate.type.BasicTypeRegistry     : Adding type registration imm_binary -> org.hibernate.type.BasicTypeReference@3030836d
2023-09-06T18:32:50.256+05:30 DEBUG 96508 --- [           main] org.hibernate.type.BasicTypeRegistry     : Adding type registration imm_serializable -> org.hibernate.type.BasicTypeReference@6af78a48
2023-09-06T18:32:50.257+05:30 DEBUG 96508 --- [           main] o.h.boot.internal.BootstrapContextImpl   : Injecting JPA temp ClassLoader [org.springframework.instrument.classloading.SimpleThrowawayClassLoader@23ad2d17] into BootstrapContext; was [null]
2023-09-06T18:32:50.257+05:30 DEBUG 96508 --- [           main] o.h.boot.internal.ClassLoaderAccessImpl  : ClassLoaderAccessImpl#injectTempClassLoader(org.springframework.instrument.classloading.SimpleThrowawayClassLoader@23ad2d17) [was null]
2023-09-06T18:32:50.257+05:30 DEBUG 96508 --- [           main] o.h.boot.internal.BootstrapContextImpl   : Injecting ScanEnvironment [org.hibernate.jpa.boot.internal.StandardJpaScanEnvironmentImpl@b506ed0] into BootstrapContext; was [null]
2023-09-06T18:32:50.257+05:30 DEBUG 96508 --- [           main] o.h.boot.internal.BootstrapContextImpl   : Injecting ScanOptions [org.hibernate.boot.archive.scan.internal.StandardScanOptions@282c4da0] into BootstrapContext; was [org.hibernate.boot.archive.scan.internal.StandardScanOptions@65f3e805]
2023-09-06T18:32:50.262+05:30  INFO 96508 --- [           main] o.h.b.i.BytecodeProviderInitiator        : HHH000021: Bytecode provider name : bytebuddy
2023-09-06T18:32:50.281+05:30 DEBUG 96508 --- [l-1 housekeeper] com.zaxxer.hikari.pool.HikariPool        : HikariPool-1 - Pool stats (total=1, active=0, idle=1, waiting=0)
2023-09-06T18:32:50.295+05:30 DEBUG 96508 --- [onnection adder] jdk.event.security                       : X509Certificate: Alg:SHA256withRSA, Serial:2, Subject:CN=MySQL_Server_8.1.0_Auto_Generated_Server_Certificate, Issuer:CN=MySQL_Server_8.1.0_Auto_Generated_CA_Certificate, Key type:RSA, Length:2048, Cert Id:3132542068, Valid from:31/07/23, 1:00 pm, Valid until:28/07/33, 1:00 pm
2023-09-06T18:32:50.295+05:30 DEBUG 96508 --- [onnection adder] jdk.event.security                       : X509Certificate: Alg:SHA256withRSA, Serial:1, Subject:CN=MySQL_Server_8.1.0_Auto_Generated_CA_Certificate, Issuer:CN=MySQL_Server_8.1.0_Auto_Generated_CA_Certificate, Key type:RSA, Length:2048, Cert Id:2263921302, Valid from:31/07/23, 1:00 pm, Valid until:28/07/33, 1:00 pm
2023-09-06T18:32:50.297+05:30 DEBUG 96508 --- [onnection adder] jdk.event.security                       :  TLSHandshake: localhost:3306, TLSv1.3, TLS_AES_256_GCM_SHA384, 3132542068
2023-09-06T18:32:50.300+05:30 DEBUG 96508 --- [onnection adder] com.zaxxer.hikari.pool.HikariPool        : HikariPool-1 - Added connection com.mysql.cj.jdbc.ConnectionImpl@518356d
2023-09-06T18:32:50.312+05:30  INFO 96508 --- [           main] o.s.o.j.p.SpringPersistenceUnitInfo      : No LoadTimeWeaver setup: ignoring JPA class transformer
2023-09-06T18:32:50.313+05:30 DEBUG 96508 --- [           main] o.h.boot.internal.BootstrapContextImpl   : Injecting JPA temp ClassLoader [null] into BootstrapContext; was [org.springframework.instrument.classloading.SimpleThrowawayClassLoader@23ad2d17]
2023-09-06T18:32:50.313+05:30 DEBUG 96508 --- [           main] o.h.boot.internal.ClassLoaderAccessImpl  : ClassLoaderAccessImpl#injectTempClassLoader(null) [was org.springframework.instrument.classloading.SimpleThrowawayClassLoader@23ad2d17]
2023-09-06T18:32:50.318+05:30 DEBUG 96508 --- [           main] o.h.e.j.e.i.JdbcEnvironmentInitiator     : Database ->
       name : MySQL
    version : 8.1.0
      major : 8
      minor : 1
2023-09-06T18:32:50.318+05:30 DEBUG 96508 --- [           main] o.h.e.j.e.i.JdbcEnvironmentInitiator     : Driver ->
       name : MySQL Connector/J
    version : mysql-connector-j-8.0.33 (Revision: 7d6b0800528b6b25c68b52dc10d6c1c8429c100c)
      major : 8
      minor : 0
2023-09-06T18:32:50.319+05:30 DEBUG 96508 --- [           main] o.h.e.j.e.i.JdbcEnvironmentInitiator     : JDBC version : 4.2
2023-09-06T18:32:50.321+05:30 DEBUG 96508 --- [onnection adder] jdk.event.security                       : X509Certificate: Alg:SHA256withRSA, Serial:2, Subject:CN=MySQL_Server_8.1.0_Auto_Generated_Server_Certificate, Issuer:CN=MySQL_Server_8.1.0_Auto_Generated_CA_Certificate, Key type:RSA, Length:2048, Cert Id:3132542068, Valid from:31/07/23, 1:00 pm, Valid until:28/07/33, 1:00 pm
2023-09-06T18:32:50.321+05:30 DEBUG 96508 --- [onnection adder] jdk.event.security                       : X509Certificate: Alg:SHA256withRSA, Serial:1, Subject:CN=MySQL_Server_8.1.0_Auto_Generated_CA_Certificate, Issuer:CN=MySQL_Server_8.1.0_Auto_Generated_CA_Certificate, Key type:RSA, Length:2048, Cert Id:2263921302, Valid from:31/07/23, 1:00 pm, Valid until:28/07/33, 1:00 pm
2023-09-06T18:32:50.323+05:30 DEBUG 96508 --- [onnection adder] jdk.event.security                       :  TLSHandshake: localhost:3306, TLSv1.3, TLS_AES_256_GCM_SHA384, 3132542068
2023-09-06T18:32:50.326+05:30 DEBUG 96508 --- [onnection adder] com.zaxxer.hikari.pool.HikariPool        : HikariPool-1 - Added connection com.mysql.cj.jdbc.ConnectionImpl@315cd15e
2023-09-06T18:32:50.346+05:30 DEBUG 96508 --- [           main] org.hibernate.orm.dialect                : HHH035001: Using dialect: org.hibernate.dialect.MySQLDialect, version: 8.1
2023-09-06T18:32:50.348+05:30 DEBUG 96508 --- [onnection adder] jdk.event.security                       : X509Certificate: Alg:SHA256withRSA, Serial:2, Subject:CN=MySQL_Server_8.1.0_Auto_Generated_Server_Certificate, Issuer:CN=MySQL_Server_8.1.0_Auto_Generated_CA_Certificate, Key type:RSA, Length:2048, Cert Id:3132542068, Valid from:31/07/23, 1:00 pm, Valid until:28/07/33, 1:00 pm
2023-09-06T18:32:50.348+05:30 DEBUG 96508 --- [onnection adder] jdk.event.security                       : X509Certificate: Alg:SHA256withRSA, Serial:1, Subject:CN=MySQL_Server_8.1.0_Auto_Generated_CA_Certificate, Issuer:CN=MySQL_Server_8.1.0_Auto_Generated_CA_Certificate, Key type:RSA, Length:2048, Cert Id:2263921302, Valid from:31/07/23, 1:00 pm, Valid until:28/07/33, 1:00 pm
2023-09-06T18:32:50.349+05:30 DEBUG 96508 --- [           main] o.h.e.j.env.spi.IdentifierHelperBuilder  : JDBC driver metadata reported database stores quoted identifiers in more than one case
2023-09-06T18:32:50.349+05:30 DEBUG 96508 --- [           main] o.h.e.j.env.spi.IdentifierHelperBuilder  : IdentifierCaseStrategy for both quoted and unquoted identifiers was set to the same strategy [MIXED]; that will likely lead to problems in schema update and validation if using quoted identifiers
2023-09-06T18:32:50.350+05:30 DEBUG 96508 --- [onnection adder] jdk.event.security                       :  TLSHandshake: localhost:3306, TLSv1.3, TLS_AES_256_GCM_SHA384, 3132542068
2023-09-06T18:32:50.352+05:30 DEBUG 96508 --- [onnection adder] com.zaxxer.hikari.pool.HikariPool        : HikariPool-1 - Added connection com.mysql.cj.jdbc.ConnectionImpl@49b889f7
2023-09-06T18:32:50.353+05:30 DEBUG 96508 --- [           main] o.h.t.d.sql.spi.DdlTypeRegistry          : addDescriptor(12, org.hibernate.type.descriptor.sql.internal.CapacityDependentDdlType@52b32b70) replaced previous registration(org.hibernate.type.descriptor.sql.internal.CapacityDependentDdlType@18c820d2)
2023-09-06T18:32:50.354+05:30 DEBUG 96508 --- [           main] o.h.t.d.sql.spi.DdlTypeRegistry          : addDescriptor(-9, org.hibernate.type.descriptor.sql.internal.CapacityDependentDdlType@3d3930fe) replaced previous registration(org.hibernate.type.descriptor.sql.internal.CapacityDependentDdlType@5e51ec2e)
2023-09-06T18:32:50.354+05:30 DEBUG 96508 --- [           main] o.h.t.d.sql.spi.DdlTypeRegistry          : addDescriptor(-3, org.hibernate.type.descriptor.sql.internal.CapacityDependentDdlType@15f2a43f) replaced previous registration(org.hibernate.type.descriptor.sql.internal.CapacityDependentDdlType@4c65d8e3)
2023-09-06T18:32:50.354+05:30 DEBUG 96508 --- [           main] o.h.t.d.sql.spi.DdlTypeRegistry          : addDescriptor(4003, org.hibernate.type.descriptor.sql.internal.DdlTypeImpl@382faf51) replaced previous registration(org.hibernate.type.descriptor.sql.internal.DdlTypeImpl@69ce14e6)
2023-09-06T18:32:50.354+05:30 DEBUG 96508 --- [           main] o.h.t.d.sql.spi.DdlTypeRegistry          : addDescriptor(4001, org.hibernate.type.descriptor.sql.internal.DdlTypeImpl@699d96bc) replaced previous registration(org.hibernate.type.descriptor.sql.internal.DdlTypeImpl@b5de9ac)
2023-09-06T18:32:50.354+05:30 DEBUG 96508 --- [           main] o.h.t.d.sql.spi.DdlTypeRegistry          : addDescriptor(4002, org.hibernate.type.descriptor.sql.internal.DdlTypeImpl@4ecd8ab1) replaced previous registration(org.hibernate.type.descriptor.sql.internal.DdlTypeImpl@57bdceaa)
2023-09-06T18:32:50.354+05:30 DEBUG 96508 --- [           main] o.h.t.d.sql.spi.DdlTypeRegistry          : addDescriptor(2004, org.hibernate.type.descriptor.sql.internal.CapacityDependentDdlType@52909a97) replaced previous registration(org.hibernate.type.descriptor.sql.internal.DdlTypeImpl@36e409e0)
2023-09-06T18:32:50.354+05:30 DEBUG 96508 --- [           main] o.h.t.d.sql.spi.DdlTypeRegistry          : addDescriptor(2005, org.hibernate.type.descriptor.sql.internal.CapacityDependentDdlType@145e958f) replaced previous registration(org.hibernate.type.descriptor.sql.internal.DdlTypeImpl@2d2fc130)
2023-09-06T18:32:50.354+05:30 DEBUG 96508 --- [           main] o.h.t.d.sql.spi.DdlTypeRegistry          : addDescriptor(2011, org.hibernate.type.descriptor.sql.internal.CapacityDependentDdlType@7bbdb220) replaced previous registration(org.hibernate.type.descriptor.sql.internal.DdlTypeImpl@6d001fbe)
2023-09-06T18:32:50.354+05:30 DEBUG 96508 --- [           main] o.h.t.d.jdbc.spi.JdbcTypeRegistry        : addDescriptor(NCharTypeDescriptor) replaced previous registration(CharTypeDescriptor)
2023-09-06T18:32:50.354+05:30 DEBUG 96508 --- [           main] o.h.t.d.jdbc.spi.JdbcTypeRegistry        : addDescriptor(NVarcharTypeDescriptor) replaced previous registration(VarcharTypeDescriptor)
2023-09-06T18:32:50.354+05:30 DEBUG 96508 --- [           main] o.h.t.d.jdbc.spi.JdbcTypeRegistry        : addDescriptor(LongNVarcharTypeDescriptor) replaced previous registration(LongVarcharTypeDescriptor)
2023-09-06T18:32:50.355+05:30 DEBUG 96508 --- [           main] o.h.t.d.jdbc.spi.JdbcTypeRegistry        : addDescriptor(NClobTypeDescriptor(DEFAULT)) replaced previous registration(ClobTypeDescriptor(DEFAULT))
2023-09-06T18:32:50.355+05:30 DEBUG 96508 --- [           main] o.h.t.d.jdbc.spi.JdbcTypeRegistry        : addDescriptor(2005, ClobTypeDescriptor(STREAM_BINDING)) replaced previous registration(ClobTypeDescriptor(DEFAULT))
2023-09-06T18:32:50.356+05:30 DEBUG 96508 --- [           main] org.hibernate.type.BasicTypeRegistry     : Adding type registration null -> org.hibernate.type.NullType@395281c2
2023-09-06T18:32:50.356+05:30 DEBUG 96508 --- [           main] org.hibernate.type.BasicTypeRegistry     : Type registration key [null] overrode previous entry : `org.hibernate.type.NullType@2aa5bd48`
2023-09-06T18:32:50.358+05:30 DEBUG 96508 --- [           main] org.hibernate.type.BasicTypeRegistry     : Adding type registration org.hibernate.type.OffsetDateTimeType -> basicType@1(java.time.OffsetDateTime,3003)
2023-09-06T18:32:50.358+05:30 DEBUG 96508 --- [           main] org.hibernate.type.BasicTypeRegistry     : Adding type registration OffsetDateTime -> basicType@1(java.time.OffsetDateTime,3003)
2023-09-06T18:32:50.358+05:30 DEBUG 96508 --- [           main] org.hibernate.type.BasicTypeRegistry     : Adding type registration java.time.OffsetDateTime -> basicType@1(java.time.OffsetDateTime,3003)
2023-09-06T18:32:50.358+05:30 DEBUG 96508 --- [           main] org.hibernate.type.BasicTypeRegistry     : Adding type registration org.hibernate.type.ZonedDateTimeType -> basicType@2(java.time.ZonedDateTime,3003)
2023-09-06T18:32:50.358+05:30 DEBUG 96508 --- [           main] org.hibernate.type.BasicTypeRegistry     : Adding type registration ZonedDateTime -> basicType@2(java.time.ZonedDateTime,3003)
2023-09-06T18:32:50.358+05:30 DEBUG 96508 --- [           main] org.hibernate.type.BasicTypeRegistry     : Adding type registration java.time.ZonedDateTime -> basicType@2(java.time.ZonedDateTime,3003)
2023-09-06T18:32:50.358+05:30 DEBUG 96508 --- [           main] org.hibernate.type.BasicTypeRegistry     : Adding type registration org.hibernate.type.OffsetTimeType -> basicType@3(java.time.OffsetTime,3007)
2023-09-06T18:32:50.358+05:30 DEBUG 96508 --- [           main] org.hibernate.type.BasicTypeRegistry     : Adding type registration OffsetTime -> basicType@3(java.time.OffsetTime,3007)
2023-09-06T18:32:50.358+05:30 DEBUG 96508 --- [           main] org.hibernate.type.BasicTypeRegistry     : Adding type registration java.time.OffsetTime -> basicType@3(java.time.OffsetTime,3007)
2023-09-06T18:32:50.358+05:30 DEBUG 96508 --- [           main] o.h.type.spi.TypeConfiguration$Scope     : Scoping TypeConfiguration [org.hibernate.type.spi.TypeConfiguration@3316527e] to MetadataBuildingContext [org.hibernate.boot.internal.MetadataBuildingContextRootImpl@786ff0ea]
2023-09-06T18:32:50.369+05:30 DEBUG 96508 --- [           main] o.h.boot.model.relational.Namespace      : Created database namespace [logicalName=Name{catalog=null, schema=null}, physicalName=Name{catalog=null, schema=null}]
2023-09-06T18:32:50.374+05:30 DEBUG 96508 --- [onnection adder] jdk.event.security                       : X509Certificate: Alg:SHA256withRSA, Serial:2, Subject:CN=MySQL_Server_8.1.0_Auto_Generated_Server_Certificate, Issuer:CN=MySQL_Server_8.1.0_Auto_Generated_CA_Certificate, Key type:RSA, Length:2048, Cert Id:3132542068, Valid from:31/07/23, 1:00 pm, Valid until:28/07/33, 1:00 pm
2023-09-06T18:32:50.374+05:30 DEBUG 96508 --- [onnection adder] jdk.event.security                       : X509Certificate: Alg:SHA256withRSA, Serial:1, Subject:CN=MySQL_Server_8.1.0_Auto_Generated_CA_Certificate, Issuer:CN=MySQL_Server_8.1.0_Auto_Generated_CA_Certificate, Key type:RSA, Length:2048, Cert Id:2263921302, Valid from:31/07/23, 1:00 pm, Valid until:28/07/33, 1:00 pm
2023-09-06T18:32:50.375+05:30 DEBUG 96508 --- [onnection adder] jdk.event.security                       :  TLSHandshake: localhost:3306, TLSv1.3, TLS_AES_256_GCM_SHA384, 3132542068
2023-09-06T18:32:50.377+05:30  INFO 96508 --- [           main] o.h.b.i.BytecodeProviderInitiator        : HHH000021: Bytecode provider name : bytebuddy
2023-09-06T18:32:50.378+05:30 DEBUG 96508 --- [onnection adder] com.zaxxer.hikari.pool.HikariPool        : HikariPool-1 - Added connection com.mysql.cj.jdbc.ConnectionImpl@730b23e7
2023-09-06T18:32:50.383+05:30 DEBUG 96508 --- [           main] o.hibernate.internal.SessionFactoryImpl  : Building session factory
2023-09-06T18:32:50.396+05:30 DEBUG 96508 --- [           main] .h.s.i.SessionFactoryServiceRegistryImpl : EventListenerRegistry access via ServiceRegistry is deprecated.  Use `sessionFactory.getEventEngine().getListenerRegistry()` instead
2023-09-06T18:32:50.396+05:30 DEBUG 96508 --- [           main] o.hibernate.internal.SessionFactoryImpl  : Instantiating SessionFactory with settings: {java.specification.version=20, hibernate.resource.beans.container=org.springframework.orm.hibernate5.SpringBeanContainer@34b2d51a, hibernate.connection.handling_mode=DELAYED_ACQUISITION_AND_HOLD, sun.jnu.encoding=UTF-8, hibernate.implicit_naming_strategy=org.springframework.boot.orm.jpa.hibernate.SpringImplicitNamingStrategy, java.class.path=/Users/maamathikrishnan/Documents/Domain Training/springsecurity/target/test-classes:/Users/maamathikrishnan/Documents/Domain Training/springsecurity/target/classes:/Users/maamathikrishnan/.m2/repository/org/springframework/boot/spring-boot-starter-data-jpa/3.1.3/spring-boot-starter-data-jpa-3.1.3.jar:/Users/maamathikrishnan/.m2/repository/org/springframework/boot/spring-boot-starter-aop/3.1.3/spring-boot-starter-aop-3.1.3.jar:/Users/maamathikrishnan/.m2/repository/org/aspectj/aspectjweaver/1.9.20/aspectjweaver-1.9.20.jar:/Users/maamathikrishnan/.m2/repository/org/springframework/boot/spring-boot-starter-jdbc/3.1.3/spring-boot-starter-jdbc-3.1.3.jar:/Users/maamathikrishnan/.m2/repository/com/zaxxer/HikariCP/5.0.1/HikariCP-5.0.1.jar:/Users/maamathikrishnan/.m2/repository/org/springframework/spring-jdbc/6.0.11/spring-jdbc-6.0.11.jar:/Users/maamathikrishnan/.m2/repository/org/hibernate/orm/hibernate-core/6.2.7.Final/hibernate-core-6.2.7.Final.jar:/Users/maamathikrishnan/.m2/repository/jakarta/persistence/jakarta.persistence-api/3.1.0/jakarta.persistence-api-3.1.0.jar:/Users/maamathikrishnan/.m2/repository/jakarta/transaction/jakarta.transaction-api/2.0.1/jakarta.transaction-api-2.0.1.jar:/Users/maamathikrishnan/.m2/repository/org/jboss/logging/jboss-logging/3.5.3.Final/jboss-logging-3.5.3.Final.jar:/Users/maamathikrishnan/.m2/repository/org/hibernate/common/hibernate-commons-annotations/6.0.6.Final/hibernate-commons-annotations-6.0.6.Final.jar:/Users/maamathikrishnan/.m2/repository/io/smallrye/jandex/3.0.5/jandex-3.0.5.jar:/Users/maamathikrishnan/.m2/repository/com/fasterxml/classmate/1.5.1/classmate-1.5.1.jar:/Users/maamathikrishnan/.m2/repository/net/bytebuddy/byte-buddy/1.14.6/byte-buddy-1.14.6.jar:/Users/maamathikrishnan/.m2/repository/org/glassfish/jaxb/jaxb-runtime/4.0.3/jaxb-runtime-4.0.3.jar:/Users/maamathikrishnan/.m2/repository/org/glassfish/jaxb/jaxb-core/4.0.3/jaxb-core-4.0.3.jar:/Users/maamathikrishnan/.m2/repository/org/eclipse/angus/angus-activation/2.0.1/angus-activation-2.0.1.jar:/Users/maamathikrishnan/.m2/repository/org/glassfish/jaxb/txw2/4.0.3/txw2-4.0.3.jar:/Users/maamathikrishnan/.m2/repository/com/sun/istack/istack-commons-runtime/4.1.2/istack-commons-runtime-4.1.2.jar:/Users/maamathikrishnan/.m2/repository/jakarta/inject/jakarta.inject-api/2.0.1/jakarta.inject-api-2.0.1.jar:/Users/maamathikrishnan/.m2/repository/org/antlr/antlr4-runtime/4.10.1/antlr4-runtime-4.10.1.jar:/Users/maamathikrishnan/.m2/repository/org/springframework/data/spring-data-jpa/3.1.3/spring-data-jpa-3.1.3.jar:/Users/maamathikrishnan/.m2/repository/org/springframework/data/spring-data-commons/3.1.3/spring-data-commons-3.1.3.jar:/Users/maamathikrishnan/.m2/repository/org/springframework/spring-orm/6.0.11/spring-orm-6.0.11.jar:/Users/maamathikrishnan/.m2/repository/org/springframework/spring-context/6.0.11/spring-context-6.0.11.jar:/Users/maamathikrishnan/.m2/repository/org/springframework/spring-tx/6.0.11/spring-tx-6.0.11.jar:/Users/maamathikrishnan/.m2/repository/org/springframework/spring-beans/6.0.11/spring-beans-6.0.11.jar:/Users/maamathikrishnan/.m2/repository/jakarta/annotation/jakarta.annotation-api/2.1.1/jakarta.annotation-api-2.1.1.jar:/Users/maamathikrishnan/.m2/repository/org/springframework/spring-aspects/6.0.11/spring-aspects-6.0.11.jar:/Users/maamathikrishnan/.m2/repository/org/springframework/boot/spring-boot-starter-security/3.1.3/spring-boot-starter-security-3.1.3.jar:/Users/maamathikrishnan/.m2/repository/org/springframework/boot/spring-boot-starter/3.1.3/spring-boot-starter-3.1.3.jar:/Users/maamathikrishnan/.m2/repository/org/springframework/boot/spring-boot-starter-logging/3.1.3/spring-boot-starter-logging-3.1.3.jar:/Users/maamathikrishnan/.m2/repository/ch/qos/logback/logback-classic/1.4.11/logback-classic-1.4.11.jar:/Users/maamathikrishnan/.m2/repository/ch/qos/logback/logback-core/1.4.11/logback-core-1.4.11.jar:/Users/maamathikrishnan/.m2/repository/org/apache/logging/log4j/log4j-to-slf4j/2.20.0/log4j-to-slf4j-2.20.0.jar:/Users/maamathikrishnan/.m2/repository/org/apache/logging/log4j/log4j-api/2.20.0/log4j-api-2.20.0.jar:/Users/maamathikrishnan/.m2/repository/org/slf4j/jul-to-slf4j/2.0.7/jul-to-slf4j-2.0.7.jar:/Users/maamathikrishnan/.m2/repository/org/yaml/snakeyaml/1.33/snakeyaml-1.33.jar:/Users/maamathikrishnan/.m2/repository/org/springframework/spring-aop/6.0.11/spring-aop-6.0.11.jar:/Users/maamathikrishnan/.m2/repository/org/springframework/security/spring-security-config/6.1.3/spring-security-config-6.1.3.jar:/Users/maamathikrishnan/.m2/repository/org/springframework/security/spring-security-web/6.1.3/spring-security-web-6.1.3.jar:/Users/maamathikrishnan/.m2/repository/org/springframework/spring-expression/6.0.11/spring-expression-6.0.11.jar:/Users/maamathikrishnan/.m2/repository/org/springframework/boot/spring-boot-starter-thymeleaf/3.1.3/spring-boot-starter-thymeleaf-3.1.3.jar:/Users/maamathikrishnan/.m2/repository/org/thymeleaf/thymeleaf-spring6/3.1.2.RELEASE/thymeleaf-spring6-3.1.2.RELEASE.jar:/Users/maamathikrishnan/.m2/repository/org/thymeleaf/thymeleaf/3.1.2.RELEASE/thymeleaf-3.1.2.RELEASE.jar:/Users/maamathikrishnan/.m2/repository/org/attoparser/attoparser/2.0.7.RELEASE/attoparser-2.0.7.RELEASE.jar:/Users/maamathikrishnan/.m2/repository/org/unbescape/unbescape/1.1.6.RELEASE/unbescape-1.1.6.RELEASE.jar:/Users/maamathikrishnan/.m2/repository/org/springframework/boot/spring-boot-starter-web/3.1.3/spring-boot-starter-web-3.1.3.jar:/Users/maamathikrishnan/.m2/repository/org/springframework/boot/spring-boot-starter-json/3.1.3/spring-boot-starter-json-3.1.3.jar:/Users/maamathikrishnan/.m2/repository/com/fasterxml/jackson/core/jackson-databind/2.15.2/jackson-databind-2.15.2.jar:/Users/maamathikrishnan/.m2/repository/com/fasterxml/jackson/core/jackson-annotations/2.15.2/jackson-annotations-2.15.2.jar:/Users/maamathikrishnan/.m2/repository/com/fasterxml/jackson/core/jackson-core/2.15.2/jackson-core-2.15.2.jar:/Users/maamathikrishnan/.m2/repository/com/fasterxml/jackson/datatype/jackson-datatype-jdk8/2.15.2/jackson-datatype-jdk8-2.15.2.jar:/Users/maamathikrishnan/.m2/repository/com/fasterxml/jackson/datatype/jackson-datatype-jsr310/2.15.2/jackson-datatype-jsr310-2.15.2.jar:/Users/maamathikrishnan/.m2/repository/com/fasterxml/jackson/module/jackson-module-parameter-names/2.15.2/jackson-module-parameter-names-2.15.2.jar:/Users/maamathikrishnan/.m2/repository/org/springframework/boot/spring-boot-starter-tomcat/3.1.3/spring-boot-starter-tomcat-3.1.3.jar:/Users/maamathikrishnan/.m2/repository/org/apache/tomcat/embed/tomcat-embed-core/10.1.12/tomcat-embed-core-10.1.12.jar:/Users/maamathikrishnan/.m2/repository/org/apache/tomcat/embed/tomcat-embed-el/10.1.12/tomcat-embed-el-10.1.12.jar:/Users/maamathikrishnan/.m2/repository/org/apache/tomcat/embed/tomcat-embed-websocket/10.1.12/tomcat-embed-websocket-10.1.12.jar:/Users/maamathikrishnan/.m2/repository/org/springframework/spring-web/6.0.11/spring-web-6.0.11.jar:/Users/maamathikrishnan/.m2/repository/io/micrometer/micrometer-observation/1.11.3/micrometer-observation-1.11.3.jar:/Users/maamathikrishnan/.m2/repository/io/micrometer/micrometer-commons/1.11.3/micrometer-commons-1.11.3.jar:/Users/maamathikrishnan/.m2/repository/org/springframework/spring-webmvc/6.0.11/spring-webmvc-6.0.11.jar:/Users/maamathikrishnan/.m2/repository/com/mysql/mysql-connector-j/8.0.33/mysql-connector-j-8.0.33.jar:/Users/maamathikrishnan/.m2/repository/org/thymeleaf/extras/thymeleaf-extras-springsecurity6/3.1.2.RELEASE/thymeleaf-extras-springsecurity6-3.1.2.RELEASE.jar:/Users/maamathikrishnan/.m2/repository/org/slf4j/slf4j-api/2.0.7/slf4j-api-2.0.7.jar:/Users/maamathikrishnan/.m2/repository/org/springframework/boot/spring-boot-devtools/3.1.3/spring-boot-devtools-3.1.3.jar:/Users/maamathikrishnan/.m2/repository/org/springframework/boot/spring-boot/3.1.3/spring-boot-3.1.3.jar:/Users/maamathikrishnan/.m2/repository/org/springframework/boot/spring-boot-autoconfigure/3.1.3/spring-boot-autoconfigure-3.1.3.jar:/Users/maamathikrishnan/.m2/repository/org/springframework/boot/spring-boot-starter-test/3.1.3/spring-boot-starter-test-3.1.3.jar:/Users/maamathikrishnan/.m2/repository/org/springframework/boot/spring-boot-test/3.1.3/spring-boot-test-3.1.3.jar:/Users/maamathikrishnan/.m2/repository/org/springframework/boot/spring-boot-test-autoconfigure/3.1.3/spring-boot-test-autoconfigure-3.1.3.jar:/Users/maamathikrishnan/.m2/repository/com/jayway/jsonpath/json-path/2.8.0/json-path-2.8.0.jar:/Users/maamathikrishnan/.m2/repository/jakarta/xml/bind/jakarta.xml.bind-api/4.0.0/jakarta.xml.bind-api-4.0.0.jar:/Users/maamathikrishnan/.m2/repository/jakarta/act
[...]

   RSocketGraphQlClientAutoConfiguration:
      Did not match:
         - @ConditionalOnClass did not find required class 'graphql.GraphQL' (OnClassCondition)

   RSocketMessagingAutoConfiguration:
      Did not match:
         - @ConditionalOnClass did not find required class 'io.rsocket.RSocket' (OnClassCondition)

   RSocketRequesterAutoConfiguration:
      Did not match:
         - @ConditionalOnClass did not find required class 'io.rsocket.RSocket' (OnClassCondition)

   RSocketSecurityAutoConfiguration:
      Did not match:
         - @ConditionalOnClass did not find required class 'org.springframework.security.rsocket.core.SecuritySocketAcceptorInterceptor' (OnClassCondition)

   RSocketServerAutoConfiguration:
      Did not match:
         - @ConditionalOnClass did not find required class 'io.rsocket.core.RSocketServer' (OnClassCondition)

   RSocketStrategiesAutoConfiguration:
      Did not match:
         - @ConditionalOnClass did not find required class 'io.netty.buffer.PooledByteBufAllocator' (OnClassCondition)

   RabbitAutoConfiguration:
      Did not match:
         - @ConditionalOnClass did not find required class 'com.rabbitmq.client.Channel' (OnClassCondition)

   ReactiveElasticsearchClientAutoConfiguration:
      Did not match:
         - @ConditionalOnClass did not find required class 'co.elastic.clients.transport.ElasticsearchTransport' (OnClassCondition)

   ReactiveElasticsearchRepositoriesAutoConfiguration:
      Did not match:
         - @ConditionalOnClass did not find required class 'org.springframework.data.elasticsearch.client.elc.ReactiveElasticsearchClient' (OnClassCondition)

   ReactiveMultipartAutoConfiguration:
      Did not match:
         - @ConditionalOnClass did not find required class 'org.springframework.web.reactive.config.WebFluxConfigurer' (OnClassCondition)

   ReactiveOAuth2ClientAutoConfiguration:
      Did not match:
         - @ConditionalOnClass did not find required class 'reactor.core.publisher.Flux' (OnClassCondition)

   ReactiveOAuth2ResourceServerAutoConfiguration:
      Did not match:
         - @ConditionalOnWebApplication did not find reactive web application classes (OnWebApplicationCondition)

   ReactiveSecurityAutoConfiguration:
      Did not match:
         - @ConditionalOnClass did not find required class 'reactor.core.publisher.Flux' (OnClassCondition)

   ReactiveUserDetailsServiceAutoConfiguration:
      Did not match:
         - AnyNestedCondition 0 matched 2 did not; NestedCondition on ReactiveUserDetailsServiceAutoConfiguration.ReactiveUserDetailsServiceCondition.ReactiveWebApplicationCondition did not find reactive web application classes; NestedCondition on ReactiveUserDetailsServiceAutoConfiguration.ReactiveUserDetailsServiceCondition.RSocketSecurityEnabledCondition @ConditionalOnBean (types: org.springframework.messaging.rsocket.annotation.support.RSocketMessageHandler; SearchStrategy: all) did not find any beans of type org.springframework.messaging.rsocket.annotation.support.RSocketMessageHandler (ReactiveUserDetailsServiceAutoConfiguration.ReactiveUserDetailsServiceCondition)
      Matched:
         - @ConditionalOnClass found required class 'org.springframework.security.authentication.ReactiveAuthenticationManager' (OnClassCondition)

   ReactiveWebServerFactoryAutoConfiguration:
      Did not match:
         - @ConditionalOnWebApplication did not find reactive web application classes (OnWebApplicationCondition)

   RedisAutoConfiguration:
      Did not match:
         - @ConditionalOnClass did not find required class 'org.springframework.data.redis.core.RedisOperations' (OnClassCondition)

   RedisCacheConfiguration:
      Did not match:
         - @ConditionalOnClass did not find required class 'org.springframework.data.redis.connection.RedisConnectionFactory' (OnClassCondition)

   RedisReactiveAutoConfiguration:
      Did not match:
         - @ConditionalOnClass did not find required class 'reactor.core.publisher.Flux' (OnClassCondition)

   RedisRepositoriesAutoConfiguration:
      Did not match:
         - @ConditionalOnClass did not find required class 'org.springframework.data.redis.repository.configuration.EnableRedisRepositories' (OnClassCondition)

   RemoteDevToolsAutoConfiguration:
      Did not match:
         - @ConditionalOnProperty (spring.devtools.remote.secret) did not find property 'secret' (OnPropertyCondition)
      Matched:
         - @ConditionalOnClass found required classes 'jakarta.servlet.Filter', 'org.springframework.http.server.ServerHttpRequest' (OnClassCondition)

   RepositoryRestMvcAutoConfiguration:
      Did not match:
         - @ConditionalOnClass did not find required class 'org.springframework.data.rest.webmvc.config.RepositoryRestMvcConfiguration' (OnClassCondition)

   Saml2RelyingPartyAutoConfiguration:
      Did not match:
         - @ConditionalOnClass did not find required class 'org.springframework.security.saml2.provider.service.registration.RelyingPartyRegistrationRepository' (OnClassCondition)

   SecurityDataConfiguration:
      Did not match:
         - @ConditionalOnClass did not find required class 'org.springframework.security.data.repository.query.SecurityEvaluationContextExtension' (OnClassCondition)

   SendGridAutoConfiguration:
      Did not match:
         - @ConditionalOnClass did not find required class 'com.sendgrid.SendGrid' (OnClassCondition)

   ServletWebServerFactoryAutoConfiguration.ForwardedHeaderFilterConfiguration:
      Did not match:
         - @ConditionalOnProperty (server.forward-headers-strategy=framework) did not find property 'server.forward-headers-strategy' (OnPropertyCondition)

   ServletWebServerFactoryConfiguration.EmbeddedJetty:
      Did not match:
         - @ConditionalOnClass did not find required classes 'org.eclipse.jetty.server.Server', 'org.eclipse.jetty.util.Loader', 'org.eclipse.jetty.webapp.WebAppContext' (OnClassCondition)

   ServletWebServerFactoryConfiguration.EmbeddedUndertow:
      Did not match:
         - @ConditionalOnClass did not find required classes 'io.undertow.Undertow', 'org.xnio.SslClientAuthMode' (OnClassCondition)

   SessionAutoConfiguration:
      Did not match:
         - @ConditionalOnClass did not find required class 'org.springframework.session.Session' (OnClassCondition)

   SpringApplicationAdminJmxAutoConfiguration:
      Did not match:
         - @ConditionalOnProperty (spring.application.admin.enabled=true) did not find property 'enabled' (OnPropertyCondition)

   SpringBootWebSecurityConfiguration.SecurityFilterChainConfiguration:
      Did not match:
         - AllNestedConditions 1 matched 1 did not; NestedCondition on DefaultWebSecurityCondition.Beans @ConditionalOnMissingBean (types: org.springframework.security.web.SecurityFilterChain; SearchStrategy: all) found beans of type 'org.springframework.security.web.SecurityFilterChain' filterchain; NestedCondition on DefaultWebSecurityCondition.Classes @ConditionalOnClass found required classes 'org.springframework.security.web.SecurityFilterChain', 'org.springframework.security.config.annotation.web.builders.HttpSecurity' (DefaultWebSecurityCondition)

   TaskSchedulingAutoConfiguration#scheduledBeanLazyInitializationExcludeFilter:
      Did not match:
         - @ConditionalOnBean (names: org.springframework.context.annotation.internalScheduledAnnotationProcessor; SearchStrategy: all) did not find any beans named org.springframework.context.annotation.internalScheduledAnnotationProcessor (OnBeanCondition)

   TaskSchedulingAutoConfiguration#taskScheduler:
      Did not match:
         - @ConditionalOnBean (names: org.springframework.context.annotation.internalScheduledAnnotationProcessor; SearchStrategy: all) did not find any beans named org.springframework.context.annotation.internalScheduledAnnotationProcessor (OnBeanCondition)

   TemplateEngineConfigurations.ReactiveTemplateEngineConfiguration:
      Did not match:
         - did not find reactive web application classes (OnWebApplicationCondition)

   ThymeleafAutoConfiguration.DataAttributeDialectConfiguration:
      Did not match:
         - @ConditionalOnClass did not find required class 'com.github.mxab.thymeleaf.extras.dataattribute.dialect.DataAttributeDialect' (OnClassCondition)

   ThymeleafAutoConfiguration.ThymeleafWebFluxConfiguration:
      Did not match:
         - did not find reactive web application classes (OnWebApplicationCondition)

   ThymeleafAutoConfiguration.ThymeleafWebLayoutConfiguration:
      Did not match:
         - @ConditionalOnClass did not find required class 'nz.net.ultraq.thymeleaf.layoutdialect.LayoutDialect' (OnClassCondition)

   ThymeleafAutoConfiguration.ThymeleafWebMvcConfiguration#resourceUrlEncodingFilter:
      Did not match:
         - @ConditionalOnEnabledResourceChain did not find class org.webjars.WebJarAssetLocator (OnEnabledResourceChainCondition)

   TransactionAutoConfiguration#transactionalOperator:
      Did not match:
         - @ConditionalOnSingleCandidate (types: org.springframework.transaction.ReactiveTransactionManager; SearchStrategy: all) did not find any beans (OnBeanCondition)

   TransactionAutoConfiguration.EnableTransactionManagementConfiguration.JdkDynamicAutoProxyConfiguration:
      Did not match:
         - @ConditionalOnProperty (spring.aop.proxy-target-class=false) did not find property 'proxy-target-class' (OnPropertyCondition)

   UserDetailsServiceAutoConfiguration:
      Did not match:
         - @ConditionalOnMissingBean (types: org.springframework.security.authentication.AuthenticationManager,org.springframework.security.authentication.AuthenticationProvider,org.springframework.security.core.userdetails.UserDetailsService,org.springframework.security.authentication.AuthenticationManagerResolver,org.springframework.security.oauth2.jwt.JwtDecoder,org.springframework.security.oauth2.server.resource.introspection.OpaqueTokenIntrospector,org.springframework.security.oauth2.client.registration.ClientRegistrationRepository,org.springframework.security.saml2.provider.service.registration.RelyingPartyRegistrationRepository; SearchStrategy: all) found beans of type 'org.springframework.security.core.userdetails.UserDetailsService' userDetailsManager (OnBeanCondition)
      Matched:
         - @ConditionalOnClass found required class 'org.springframework.security.authentication.AuthenticationManager' (OnClassCondition)

   ValidationAutoConfiguration:
      Did not match:
         - @ConditionalOnClass did not find required class 'jakarta.validation.executable.ExecutableValidator' (OnClassCondition)

   WebClientAutoConfiguration:
      Did not match:
         - @ConditionalOnClass did not find required class 'org.springframework.web.reactive.function.client.WebClient' (OnClassCondition)

   WebFluxAutoConfiguration:
      Did not match:
         - @ConditionalOnClass did not find required class 'org.springframework.web.reactive.config.WebFluxConfigurer' (OnClassCondition)

   WebMvcAutoConfiguration#hiddenHttpMethodFilter:
      Did not match:
         - @ConditionalOnProperty (spring.mvc.hiddenmethod.filter.enabled) did not find property 'enabled' (OnPropertyCondition)

   WebMvcAutoConfiguration.ProblemDetailsErrorHandlingConfiguration:
      Did not match:
         - @ConditionalOnProperty (spring.mvc.problemdetails.enabled=true) did not find property 'enabled' (OnPropertyCondition)

   WebMvcAutoConfiguration.ResourceChainCustomizerConfiguration:
      Did not match:
         - @ConditionalOnEnabledResourceChain did not find class org.webjars.WebJarAssetLocator (OnEnabledResourceChainCondition)

   WebMvcAutoConfiguration.WebMvcAutoConfigurationAdapter#beanNameViewResolver:
      Did not match:
         - @ConditionalOnMissingBean (types: org.springframework.web.servlet.view.BeanNameViewResolver; SearchStrategy: all) found beans of type 'org.springframework.web.servlet.view.BeanNameViewResolver' beanNameViewResolver (OnBeanCondition)

   WebServiceTemplateAutoConfiguration:
      Did not match:
         - @ConditionalOnClass did not find required class 'org.springframework.oxm.Marshaller' (OnClassCondition)

   WebServicesAutoConfiguration:
      Did not match:
         - @ConditionalOnClass did not find required class 'org.springframework.ws.transport.http.MessageDispatcherServlet' (OnClassCondition)

   WebSessionIdResolverAutoConfiguration:
      Did not match:
         - @ConditionalOnClass did not find required class 'reactor.core.publisher.Mono' (OnClassCondition)

   WebSocketMessagingAutoConfiguration:
      Did not match:
         - @ConditionalOnClass did not find required class 'org.springframework.web.socket.config.annotation.WebSocketMessageBrokerConfigurer' (OnClassCondition)

   WebSocketReactiveAutoConfiguration:
      Did not match:
         - @ConditionalOnWebApplication did not find reactive web application classes (OnWebApplicationCondition)

   WebSocketServletAutoConfiguration.JettyWebSocketConfiguration:
      Did not match:
         - @ConditionalOnClass did not find required class 'org.eclipse.jetty.websocket.jakarta.server.config.JakartaWebSocketServletContainerInitializer' (OnClassCondition)

   WebSocketServletAutoConfiguration.UndertowWebSocketConfiguration:
      Did not match:
         - @ConditionalOnClass did not find required class 'io.undertow.websockets.jsr.Bootstrap' (OnClassCondition)

   XADataSourceAutoConfiguration:
      Did not match:
         - @ConditionalOnBean (types: org.springframework.boot.jdbc.XADataSourceWrapper; SearchStrategy: all) did not find any beans of type org.springframework.boot.jdbc.XADataSourceWrapper (OnBeanCondition)
      Matched:
         - @ConditionalOnClass found required classes 'javax.sql.DataSource', 'jakarta.transaction.TransactionManager', 'org.springframework.jdbc.datasource.embedded.EmbeddedDatabaseType' (OnClassCondition)


Exclusions:
-----------

    None


Unconditional classes:
----------------------

    org.springframework.boot.autoconfigure.context.ConfigurationPropertiesAutoConfiguration

    org.springframework.boot.autoconfigure.ssl.SslAutoConfiguration

    org.springframework.boot.autoconfigure.context.LifecycleAutoConfiguration

    org.springframework.boot.autoconfigure.context.PropertyPlaceholderAutoConfiguration

    org.springframework.boot.autoconfigure.availability.ApplicationAvailabilityAutoConfiguration

    org.springframework.boot.autoconfigure.info.ProjectInfoAutoConfiguration



2023-09-06T18:32:50.749+05:30  INFO 96508 --- [           main] c.d.s.s.p.PracticeApplicationTests       : Started PracticeApplicationTests in 1.241 seconds (process running for 1.585)
2023-09-06T18:32:50.750+05:30 DEBUG 96508 --- [           main] o.s.b.a.ApplicationAvailabilityBean      : Application availability state LivenessState changed to CORRECT
2023-09-06T18:32:50.750+05:30 DEBUG 96508 --- [           main] o.s.boot.devtools.restart.Restarter      : Creating new Restarter for thread Thread[#1,main,5,main]
2023-09-06T18:32:50.750+05:30 DEBUG 96508 --- [           main] o.s.b.a.ApplicationAvailabilityBean      : Application availability state ReadinessState changed to ACCEPTING_TRAFFIC
2023-09-06T18:32:50.751+05:30 DEBUG 96508 --- [           main] org.springframework.test.context.cache   : Spring test ApplicationContext cache statistics: [DefaultContextCache@6fad5ace size = 1, maxSize = 32, parentContextCount = 0, hitCount = 0, missCount = 1]
2023-09-06T18:32:50.751+05:30 DEBUG 96508 --- [           main] o.s.t.c.w.ServletTestExecutionListener   : Setting up MockHttpServletRequest, MockHttpServletResponse, ServletWebRequest, and RequestContextHolder for test class cdw.domaintraining.spring.security.practice.PracticeApplicationTests
2023-09-06T18:32:50.756+05:30 DEBUG 96508 --- [           main] DependencyInjectionTestExecutionListener : Performing dependency injection for test class cdw.domaintraining.spring.security.practice.PracticeApplicationTests
2023-09-06T18:32:50.756+05:30 DEBUG 96508 --- [           main] org.springframework.test.context.cache   : Spring test ApplicationContext cache statistics: [DefaultContextCache@6fad5ace size = 1, maxSize = 32, parentContextCount = 0, hitCount = 1, missCount = 1]
2023-09-06T18:32:50.756+05:30 DEBUG 96508 --- [           main] org.springframework.test.context.cache   : Spring test ApplicationContext cache statistics: [DefaultContextCache@6fad5ace size = 1, maxSize = 32, parentContextCount = 0, hitCount = 2, missCount = 1]
2023-09-06T18:32:50.758+05:30 DEBUG 96508 --- [           main] sContextBeforeModesTestExecutionListener : Before test method: class [PracticeApplicationTests], method [contextLoads], class annotated with @DirtiesContext [false] with mode [null], method annotated with @DirtiesContext [false] with mode [null]
2023-09-06T18:32:50.759+05:30 DEBUG 96508 --- [           main] org.springframework.test.context.cache   : Spring test ApplicationContext cache statistics: [DefaultContextCache@6fad5ace size = 1, maxSize = 32, parentContextCount = 0, hitCount = 3, missCount = 1]
2023-09-06T18:32:50.759+05:30 DEBUG 96508 --- [           main] org.springframework.test.context.cache   : Spring test ApplicationContext cache statistics: [DefaultContextCache@6fad5ace size = 1, maxSize = 32, parentContextCount = 0, hitCount = 4, missCount = 1]
2023-09-06T18:32:51.092+05:30 DEBUG 96508 --- [           main] org.springframework.test.context.cache   : Spring test ApplicationContext cache statistics: [DefaultContextCache@6fad5ace size = 1, maxSize = 32, parentContextCount = 0, hitCount = 5, missCount = 1]
2023-09-06T18:32:51.094+05:30 DEBUG 96508 --- [           main] org.springframework.test.context.cache   : Spring test ApplicationContext cache statistics: [DefaultContextCache@6fad5ace size = 1, maxSize = 32, parentContextCount = 0, hitCount = 6, missCount = 1]
2023-09-06T18:32:51.094+05:30 DEBUG 96508 --- [           main] org.springframework.test.context.cache   : Spring test ApplicationContext cache statistics: [DefaultContextCache@6fad5ace size = 1, maxSize = 32, parentContextCount = 0, hitCount = 7, missCount = 1]
2023-09-06T18:32:51.094+05:30 DEBUG 96508 --- [           main] org.springframework.test.context.cache   : Spring test ApplicationContext cache statistics: [DefaultContextCache@6fad5ace size = 1, maxSize = 32, parentContextCount = 0, hitCount = 8, missCount = 1]
2023-09-06T18:32:51.094+05:30 DEBUG 96508 --- [           main] org.springframework.test.context.cache   : Spring test ApplicationContext cache statistics: [DefaultContextCache@6fad5ace size = 1, maxSize = 32, parentContextCount = 0, hitCount = 9, missCount = 1]
2023-09-06T18:32:51.094+05:30 DEBUG 96508 --- [           main] org.springframework.test.context.cache   : Spring test ApplicationContext cache statistics: [DefaultContextCache@6fad5ace size = 1, maxSize = 32, parentContextCount = 0, hitCount = 10, missCount = 1]
2023-09-06T18:32:51.095+05:30 DEBUG 96508 --- [           main] org.springframework.test.context.cache   : Spring test ApplicationContext cache statistics: [DefaultContextCache@6fad5ace size = 1, maxSize = 32, parentContextCount = 0, hitCount = 11, missCount = 1]
2023-09-06T18:32:51.095+05:30 DEBUG 96508 --- [           main] org.springframework.test.context.cache   : Spring test ApplicationContext cache statistics: [DefaultContextCache@6fad5ace size = 1, maxSize = 32, parentContextCount = 0, hitCount = 12, missCount = 1]
2023-09-06T18:32:51.095+05:30 DEBUG 96508 --- [           main] .c.s.DirtiesContextTestExecutionListener : After test method: class [PracticeApplicationTests], method [contextLoads], class annotated with @DirtiesContext [false] with mode [null], method annotated with @DirtiesContext [false] with mode [null]
2023-09-06T18:32:51.095+05:30 DEBUG 96508 --- [           main] o.s.t.c.w.ServletTestExecutionListener   : Resetting RequestContextHolder for test class cdw.domaintraining.spring.security.practice.PracticeApplicationTests
]]></system-out>
  </testcase>
</testsuite>