<?xml version="1.0" encoding="UTF-8"?>
<testsuite xmlns:xsi="http://www.w3.org/2001/XMLSchema-instance" xsi:noNamespaceSchemaLocation="https://maven.apache.org/surefire/maven-surefire-plugin/xsd/surefire-test-report-3.0.xsd" version="3.0" name="cdw.domaintraining.spring.security.practice.PracticeApplicationTests" time="1.097" tests="1" errors="0" skipped="0" failures="0">
  <properties>
[...]
</properties>
  <testcase name="contextLoads" classname="cdw.domaintraining.spring.security.practice.PracticeApplicationTests" time="0.394">
    <system-out><![CDATA[11:17:48.506 [main] INFO org.springframework.test.context.support.AnnotationConfigContextLoaderUtils -- Could not detect default configuration classes for test class [cdw.domaintraining.spring.security.practice.PracticeApplicationTests]: PracticeApplicationTests does not declare any static, non-private, non-final, nested classes annotated with @Configuration.
11:17:48.537 [main] INFO org.springframework.boot.test.context.SpringBootTestContextBootstrapper -- Found @SpringBootConfiguration cdw.domaintraining.spring.security.practice.PracticeApplication for test class cdw.domaintraining.spring.security.practice.PracticeApplicationTests

  .   ____          _            __ _ _
 /\\ / ___'_ __ _ _(_)_ __  __ _ \ \ \ \
( ( )\___ | '_ | '_| | '_ \/ _` | \ \ \ \
 \\/  ___)| |_)| | | | | || (_| |  ) ) ) )
  '  |____| .__|_| |_|_| |_\__, | / / / /
 =========|_|==============|___/=/_/_/_/
 :: Spring Boot ::                (v3.1.3)

2023-09-06T11:17:48.664+05:30  INFO 89389 --- [           main] c.d.s.s.p.PracticeApplicationTests       : Starting PracticeApplicationTests using Java 20.0.2 with PID 89389 (started by maamathikrishnan in /Users/maamathikrishnan/Documents/Domain Training/springsecurity)
2023-09-06T11:17:48.665+05:30  INFO 89389 --- [           main] c.d.s.s.p.PracticeApplicationTests       : No active profile set, falling back to 1 default profile: "default"
2023-09-06T11:17:49.054+05:30  WARN 89389 --- [           main] ion$DefaultTemplateResolverConfiguration : Cannot find template location: classpath:/templates/ (please add some templates, check your Thymeleaf configuration, or set spring.thymeleaf.check-template-location=false)
2023-09-06T11:17:49.073+05:30  WARN 89389 --- [           main] .s.s.UserDetailsServiceAutoConfiguration : 

Using generated security password: 360e32d1-aa58-4679-95a2-16eb2291ccfc

This generated password is for development use only. Your security configuration must be updated before running your application in production.

2023-09-06T11:17:49.114+05:30  INFO 89389 --- [           main] o.s.s.web.DefaultSecurityFilterChain     : Will secure any request with [org.springframework.security.web.session.DisableEncodeUrlFilter@723877dd, org.springframework.security.web.context.request.async.WebAsyncManagerIntegrationFilter@415ef4d8, org.springframework.security.web.context.SecurityContextHolderFilter@399ca607, org.springframework.security.web.header.HeaderWriterFilter@516592b1, org.springframework.security.web.csrf.CsrfFilter@c889805, org.springframework.security.web.authentication.logout.LogoutFilter@50ab56e2, org.springframework.security.web.authentication.UsernamePasswordAuthenticationFilter@4733f6f5, org.springframework.security.web.authentication.ui.DefaultLoginPageGeneratingFilter@1934ad7c, org.springframework.security.web.authentication.ui.DefaultLogoutPageGeneratingFilter@56cc9f29, org.springframework.security.web.authentication.www.BasicAuthenticationFilter@1f95881a, org.springframework.security.web.savedrequest.RequestCacheAwareFilter@76bf1bb8, org.springframework.security.web.servletapi.SecurityContextHolderAwareRequestFilter@363c32cc, org.springframework.security.web.authentication.AnonymousAuthenticationFilter@535b1ae6, org.springframework.security.web.access.ExceptionTranslationFilter@1ec22831, org.springframework.security.web.access.intercept.AuthorizationFilter@33188612]
2023-09-06T11:17:49.137+05:30  INFO 89389 --- [           main] c.d.s.s.p.PracticeApplicationTests       : Started PracticeApplicationTests in 0.556 seconds (process running for 0.88)
]]></system-out>
  </testcase>
</testsuite>